#
# There is insufficient memory for the Java Runtime Environment to continue.
# Native memory allocation (malloc) failed to allocate 2592496 bytes for Chunk::new
# Possible reasons:
#   The system is out of physical RAM or swap space
#   The process is running with CompressedOops enabled, and the Java Heap may be blocking the growth of the native heap
# Possible solutions:
#   Reduce memory load on the system
#   Increase physical memory or swap space
#   Check if swap backing store is full
#   Decrease Java heap size (-Xmx/-Xms)
#   Decrease number of Java threads
#   Decrease Java thread stack sizes (-Xss)
#   Set larger code cache with -XX:ReservedCodeCacheSize=
#   JVM is running with Unscaled Compressed Oops mode in which the Java heap is
#     placed in the first 4GB address space. The Java Heap base address is the
#     maximum limit for the native heap growth. Please use -XX:HeapBaseMinAddress
#     to set the Java Heap base and to place the Java Heap above 4GB virtual address.
# This output file may be truncated or incomplete.
#
#  Out of Memory Error (arena.cpp:168), pid=12848, tid=2884
#
# JRE version: Java(TM) SE Runtime Environment (21.0.1+12) (build 21.0.1+12-LTS-29)
# Java VM: Java HotSpot(TM) 64-Bit Server VM (21.0.1+12-LTS-29, mixed mode, sharing, tiered, compressed oops, compressed class ptrs, g1 gc, windows-amd64)
# No core dump will be written. Minidumps are not enabled by default on client versions of Windows
#

---------------  S U M M A R Y ------------

Command Line: -XX:+ShowCodeDetailsInExceptionMessages com.example.demo.DemoApplication

Host: Intel(R) Celeron(R) N4000 CPU @ 1.10GHz, 2 cores, 3G,  Windows 10 , 64 bit Build 19041 (10.0.19041.3570)
Time: Sun Nov 12 20:15:25 2023 Paris, Madrid elapsed time: 8255.691592 seconds (0d 2h 17m 35s)

---------------  T H R E A D  ---------------

Current thread (0x00000252b3aae230):  JavaThread "C2 CompilerThread0" daemon [_thread_in_native, id=2884, stack(0x000000f775e00000,0x000000f775f00000) (1024K)]


Current CompileTask:
C2:8255693 10427   !   4       org.springframework.web.servlet.mvc.method.annotation.AbstractMessageConverterMethodProcessor::writeWithMessageConverters (907 bytes)

Stack: [0x000000f775e00000,0x000000f775f00000]
Native frames: (J=compiled Java code, j=interpreted, Vv=VM code, C=native code)
V  [jvm.dll+0x6c9029]
V  [jvm.dll+0x854b81]
V  [jvm.dll+0x856e5e]
V  [jvm.dll+0x857543]
V  [jvm.dll+0x280c06]
V  [jvm.dll+0xc3ead]
V  [jvm.dll+0xc43c3]
V  [jvm.dll+0x3b576c]
V  [jvm.dll+0x382475]
V  [jvm.dll+0x3818ea]
V  [jvm.dll+0x249ad0]
V  [jvm.dll+0x2490b1]
V  [jvm.dll+0x1c9ca1]
V  [jvm.dll+0x2586b9]
V  [jvm.dll+0x256c9a]
V  [jvm.dll+0x3ef1b6]
V  [jvm.dll+0x7fd728]
V  [jvm.dll+0x6c777d]
C  [ucrtbase.dll+0x21bb2]
C  [KERNEL32.DLL+0x17344]
C  [ntdll.dll+0x526b1]


---------------  P R O C E S S  ---------------

Threads class SMR info:
_java_thread_list=0x00000252fbb88380, length=27, elements={
0x000002529747e5d0, 0x00000252b3aa7600, 0x00000252b3aab300, 0x00000252b3aabd60,
0x00000252b3aac7c0, 0x00000252b3aad4a0, 0x00000252b3aae230, 0x00000252b3ab2cf0,
0x00000252f90c37a0, 0x00000252f90eb7a0, 0x00000252fb2055c0, 0x00000252fa55c4a0,
0x00000252f901e020, 0x00000252f901e690, 0x00000252fb834850, 0x00000252fb834ee0,
0x00000252fb835570, 0x00000252fb8320f0, 0x00000252fb832780, 0x00000252fb832e10,
0x00000252fb8341c0, 0x00000252fb8334a0, 0x00000252fc786620, 0x00000252fc787340,
0x00000252fc786cb0, 0x00000252fc7879d0, 0x00000252fc785f90
}

Java Threads: ( => current thread )
  0x000002529747e5d0 JavaThread "Reference Handler"          daemon [_thread_blocked, id=14916, stack(0x000000f775800000,0x000000f775900000) (1024K)]
  0x00000252b3aa7600 JavaThread "Finalizer"                  daemon [_thread_blocked, id=10640, stack(0x000000f775900000,0x000000f775a00000) (1024K)]
  0x00000252b3aab300 JavaThread "Signal Dispatcher"          daemon [_thread_blocked, id=8648, stack(0x000000f775a00000,0x000000f775b00000) (1024K)]
  0x00000252b3aabd60 JavaThread "Attach Listener"            daemon [_thread_blocked, id=14464, stack(0x000000f775b00000,0x000000f775c00000) (1024K)]
  0x00000252b3aac7c0 JavaThread "Service Thread"             daemon [_thread_blocked, id=3144, stack(0x000000f775c00000,0x000000f775d00000) (1024K)]
  0x00000252b3aad4a0 JavaThread "Monitor Deflation Thread"   daemon [_thread_blocked, id=10088, stack(0x000000f775d00000,0x000000f775e00000) (1024K)]
=>0x00000252b3aae230 JavaThread "C2 CompilerThread0"         daemon [_thread_in_native, id=2884, stack(0x000000f775e00000,0x000000f775f00000) (1024K)]
  0x00000252b3ab2cf0 JavaThread "C1 CompilerThread0"         daemon [_thread_blocked, id=7180, stack(0x000000f775f00000,0x000000f776000000) (1024K)]
  0x00000252f90c37a0 JavaThread "Notification Thread"        daemon [_thread_blocked, id=10444, stack(0x000000f776000000,0x000000f776100000) (1024K)]
  0x00000252f90eb7a0 JavaThread "Common-Cleaner"             daemon [_thread_blocked, id=10044, stack(0x000000f776100000,0x000000f776200000) (1024K)]
  0x00000252fb2055c0 JavaThread "HikariPool-1 housekeeper"   daemon [_thread_blocked, id=8948, stack(0x000000f776300000,0x000000f776400000) (1024K)]
  0x00000252fa55c4a0 JavaThread "Catalina-utility-1"                [_thread_blocked, id=7140, stack(0x000000f776500000,0x000000f776600000) (1024K)]
  0x00000252f901e020 JavaThread "Catalina-utility-2"                [_thread_blocked, id=14160, stack(0x000000f776600000,0x000000f776700000) (1024K)]
  0x00000252f901e690 JavaThread "container-0"                       [_thread_blocked, id=7984, stack(0x000000f776700000,0x000000f776800000) (1024K)]
  0x00000252fb834850 JavaThread "http-nio-8080-exec-1"       daemon [_thread_blocked, id=12096, stack(0x000000f776400000,0x000000f776500000) (1024K)]
  0x00000252fb834ee0 JavaThread "http-nio-8080-exec-2"       daemon [_thread_blocked, id=13432, stack(0x000000f776800000,0x000000f776900000) (1024K)]
  0x00000252fb835570 JavaThread "http-nio-8080-exec-3"       daemon [_thread_blocked, id=16340, stack(0x000000f776900000,0x000000f776a00000) (1024K)]
  0x00000252fb8320f0 JavaThread "http-nio-8080-exec-4"       daemon [_thread_blocked, id=14668, stack(0x000000f776a00000,0x000000f776b00000) (1024K)]
  0x00000252fb832780 JavaThread "http-nio-8080-exec-5"       daemon [_thread_blocked, id=15624, stack(0x000000f776b00000,0x000000f776c00000) (1024K)]
  0x00000252fb832e10 JavaThread "http-nio-8080-exec-6"       daemon [_thread_blocked, id=15756, stack(0x000000f776c00000,0x000000f776d00000) (1024K)]
  0x00000252fb8341c0 JavaThread "http-nio-8080-exec-7"       daemon [_thread_blocked, id=10416, stack(0x000000f776d00000,0x000000f776e00000) (1024K)]
  0x00000252fb8334a0 JavaThread "http-nio-8080-exec-8"       daemon [_thread_blocked, id=11500, stack(0x000000f776e00000,0x000000f776f00000) (1024K)]
  0x00000252fc786620 JavaThread "http-nio-8080-exec-9"       daemon [_thread_blocked, id=4656, stack(0x000000f776f00000,0x000000f777000000) (1024K)]
  0x00000252fc787340 JavaThread "http-nio-8080-exec-10"      daemon [_thread_blocked, id=11832, stack(0x000000f777000000,0x000000f777100000) (1024K)]
  0x00000252fc786cb0 JavaThread "http-nio-8080-Poller"       daemon [_thread_in_native, id=15080, stack(0x000000f777100000,0x000000f777200000) (1024K)]
  0x00000252fc7879d0 JavaThread "http-nio-8080-Acceptor"     daemon [_thread_in_native, id=13808, stack(0x000000f777200000,0x000000f777300000) (1024K)]
  0x00000252fc785f90 JavaThread "DestroyJavaVM"                     [_thread_blocked, id=4452, stack(0x000000f775000000,0x000000f775100000) (1024K)]
Total: 27

Other Threads:
  0x000002529746aef0 VMThread "VM Thread"                           [id=15348, stack(0x000000f775700000,0x000000f775800000) (1024K)]
  0x0000025297450f80 WatcherThread "VM Periodic Task Thread"        [id=3176, stack(0x000000f775600000,0x000000f775700000) (1024K)]
  0x00000252973e6f90 WorkerThread "GC Thread#0"                     [id=1796, stack(0x000000f775100000,0x000000f775200000) (1024K)]
  0x00000252f952f320 WorkerThread "GC Thread#1"                     [id=10152, stack(0x000000f776200000,0x000000f776300000) (1024K)]
  0x00000252973f02c0 ConcurrentGCThread "G1 Main Marker"            [id=972, stack(0x000000f775200000,0x000000f775300000) (1024K)]
  0x00000252973f1470 WorkerThread "G1 Conc#0"                       [id=10664, stack(0x000000f775300000,0x000000f775400000) (1024K)]
  0x000002529743ab20 ConcurrentGCThread "G1 Refine#0"               [id=14468, stack(0x000000f775400000,0x000000f775500000) (1024K)]
  0x000002529743eed0 ConcurrentGCThread "G1 Service"                [id=14236, stack(0x000000f775500000,0x000000f775600000) (1024K)]
Total: 8

Threads with active compile tasks:
C2 CompilerThread0  8255811 10427   !   4       org.springframework.web.servlet.mvc.method.annotation.AbstractMessageConverterMethodProcessor::writeWithMessageConverters (907 bytes)
Total: 1

VM state: not at safepoint (normal execution)

VM Mutex/Monitor currently owned by a thread: None

Heap address: 0x00000000c2c00000, size: 980 MB, Compressed Oops mode: 32-bit

CDS archive(s) mapped at: [0x00000252b4000000-0x00000252b4c90000-0x00000252b4c90000), size 13172736, SharedBaseAddress: 0x00000252b4000000, ArchiveRelocationMode: 1.
Compressed class space mapped at: 0x00000252b5000000-0x00000252f5000000, reserved size: 1073741824
Narrow klass base: 0x00000252b4000000, Narrow klass shift: 0, Narrow klass range: 0x100000000

GC Precious Log:
 CardTable entry size: 512
 Card Set container configuration: InlinePtr #cards 5 size 8 Array Of Cards #cards 12 size 40 Howl #buckets 4 coarsen threshold 1843 Howl Bitmap #cards 512 size 80 coarsen threshold 460 Card regions per heap region 1 cards per card region 2048
 CPUs: 2 total, 2 available
 Memory: 3917M
 Large Page Support: Disabled
 NUMA Support: Disabled
 Compressed Oops: Enabled (32-bit)
 Heap Region Size: 1M
 Heap Min Capacity: 8M
 Heap Initial Capacity: 62M
 Heap Max Capacity: 980M
 Pre-touch: Disabled
 Parallel Workers: 2
 Concurrent Workers: 1
 Concurrent Refinement Workers: 2
 Periodic GC: Disabled

Heap:
 garbage-first heap   total 50176K, used 41778K [0x00000000c2c00000, 0x0000000100000000)
  region size 1024K, 18 young (18432K), 2 survivors (2048K)
 Metaspace       used 70816K, committed 71360K, reserved 1114112K
  class space    used 9168K, committed 9472K, reserved 1048576K

Heap Regions: E=young(eden), S=young(survivor), O=old, HS=humongous(starts), HC=humongous(continues), CS=collection set, F=free, TAMS=top-at-mark-start, PB=parsable bottom
|   0|0x00000000c2c00000, 0x00000000c2d00000, 0x00000000c2d00000|100%|HS|  |TAMS 0x00000000c2c00000| PB 0x00000000c2c00000| Complete 
|   1|0x00000000c2d00000, 0x00000000c2e00000, 0x00000000c2e00000|100%| O|  |TAMS 0x00000000c2d00000| PB 0x00000000c2d00000| Untracked 
|   2|0x00000000c2e00000, 0x00000000c2f00000, 0x00000000c2f00000|100%| O|  |TAMS 0x00000000c2e00000| PB 0x00000000c2e00000| Untracked 
|   3|0x00000000c2f00000, 0x00000000c3000000, 0x00000000c3000000|100%| O|  |TAMS 0x00000000c2f00000| PB 0x00000000c2f00000| Untracked 
|   4|0x00000000c3000000, 0x00000000c3100000, 0x00000000c3100000|100%| O|  |TAMS 0x00000000c3000000| PB 0x00000000c3000000| Untracked 
|   5|0x00000000c3100000, 0x00000000c3200000, 0x00000000c3200000|100%| O|  |TAMS 0x00000000c3100000| PB 0x00000000c3100000| Untracked 
|   6|0x00000000c3200000, 0x00000000c3300000, 0x00000000c3300000|100%| O|  |TAMS 0x00000000c3200000| PB 0x00000000c3200000| Untracked 
|   7|0x00000000c3300000, 0x00000000c3324a00, 0x00000000c3400000| 14%| O|  |TAMS 0x00000000c3300000| PB 0x00000000c3300000| Untracked 
|   8|0x00000000c3400000, 0x00000000c3400000, 0x00000000c3500000|  0%| F|  |TAMS 0x00000000c3400000| PB 0x00000000c3400000| Untracked 
|   9|0x00000000c3500000, 0x00000000c3600000, 0x00000000c3600000|100%| O|  |TAMS 0x00000000c3500000| PB 0x00000000c3500000| Untracked 
|  10|0x00000000c3600000, 0x00000000c3700000, 0x00000000c3700000|100%| O|  |TAMS 0x00000000c3600000| PB 0x00000000c3600000| Untracked 
|  11|0x00000000c3700000, 0x00000000c3800000, 0x00000000c3800000|100%| O|Cm|TAMS 0x00000000c3700000| PB 0x00000000c3700000| Complete 
|  12|0x00000000c3800000, 0x00000000c3900000, 0x00000000c3900000|100%| O|  |TAMS 0x00000000c3800000| PB 0x00000000c3800000| Untracked 
|  13|0x00000000c3900000, 0x00000000c3a00000, 0x00000000c3a00000|100%| O|  |TAMS 0x00000000c3900000| PB 0x00000000c3900000| Untracked 
|  14|0x00000000c3a00000, 0x00000000c3b00000, 0x00000000c3b00000|100%| O|  |TAMS 0x00000000c3a00000| PB 0x00000000c3a00000| Untracked 
|  15|0x00000000c3b00000, 0x00000000c3c00000, 0x00000000c3c00000|100%| O|  |TAMS 0x00000000c3b00000| PB 0x00000000c3b00000| Untracked 
|  16|0x00000000c3c00000, 0x00000000c3d00000, 0x00000000c3d00000|100%| O|  |TAMS 0x00000000c3c00000| PB 0x00000000c3c00000| Untracked 
|  17|0x00000000c3d00000, 0x00000000c3d00000, 0x00000000c3e00000|  0%| F|  |TAMS 0x00000000c3d00000| PB 0x00000000c3d00000| Untracked 
|  18|0x00000000c3e00000, 0x00000000c3f00000, 0x00000000c3f00000|100%| O|  |TAMS 0x00000000c3e00000| PB 0x00000000c3e00000| Untracked 
|  19|0x00000000c3f00000, 0x00000000c4000000, 0x00000000c4000000|100%| O|  |TAMS 0x00000000c3f00000| PB 0x00000000c3f00000| Untracked 
|  20|0x00000000c4000000, 0x00000000c4100000, 0x00000000c4100000|100%| O|  |TAMS 0x00000000c4000000| PB 0x00000000c4000000| Untracked 
|  21|0x00000000c4100000, 0x00000000c4200000, 0x00000000c4200000|100%| O|  |TAMS 0x00000000c4100000| PB 0x00000000c4100000| Untracked 
|  22|0x00000000c4200000, 0x00000000c4300000, 0x00000000c4300000|100%| O|  |TAMS 0x00000000c4200000| PB 0x00000000c4200000| Untracked 
|  23|0x00000000c4300000, 0x00000000c4300000, 0x00000000c4400000|  0%| F|  |TAMS 0x00000000c4300000| PB 0x00000000c4300000| Untracked 
|  24|0x00000000c4400000, 0x00000000c4500000, 0x00000000c4500000|100%| O|  |TAMS 0x00000000c4400000| PB 0x00000000c4400000| Untracked 
|  25|0x00000000c4500000, 0x00000000c4600000, 0x00000000c4600000|100%| O|  |TAMS 0x00000000c4500000| PB 0x00000000c4500000| Untracked 
|  26|0x00000000c4600000, 0x00000000c4700000, 0x00000000c4700000|100%| O|  |TAMS 0x00000000c4600000| PB 0x00000000c4600000| Untracked 
|  27|0x00000000c4700000, 0x00000000c4800000, 0x00000000c4800000|100%| O|  |TAMS 0x00000000c4700000| PB 0x00000000c4700000| Untracked 
|  28|0x00000000c4800000, 0x00000000c48a81b0, 0x00000000c4900000| 65%| S|CS|TAMS 0x00000000c4800000| PB 0x00000000c4800000| Complete 
|  29|0x00000000c4900000, 0x00000000c4a00000, 0x00000000c4a00000|100%| S|CS|TAMS 0x00000000c4900000| PB 0x00000000c4900000| Complete 
|  30|0x00000000c4a00000, 0x00000000c4a00000, 0x00000000c4b00000|  0%| F|  |TAMS 0x00000000c4a00000| PB 0x00000000c4a00000| Untracked 
|  31|0x00000000c4b00000, 0x00000000c4b00000, 0x00000000c4c00000|  0%| F|  |TAMS 0x00000000c4b00000| PB 0x00000000c4b00000| Untracked 
|  32|0x00000000c4c00000, 0x00000000c4c00000, 0x00000000c4d00000|  0%| F|  |TAMS 0x00000000c4c00000| PB 0x00000000c4c00000| Untracked 
|  33|0x00000000c4d00000, 0x00000000c4d45638, 0x00000000c4e00000| 27%| E|  |TAMS 0x00000000c4d00000| PB 0x00000000c4d00000| Complete 
|  34|0x00000000c4e00000, 0x00000000c4f00000, 0x00000000c4f00000|100%| E|CS|TAMS 0x00000000c4e00000| PB 0x00000000c4e00000| Complete 
|  35|0x00000000c4f00000, 0x00000000c5000000, 0x00000000c5000000|100%| E|CS|TAMS 0x00000000c4f00000| PB 0x00000000c4f00000| Complete 
|  36|0x00000000c5000000, 0x00000000c5100000, 0x00000000c5100000|100%| E|CS|TAMS 0x00000000c5000000| PB 0x00000000c5000000| Complete 
|  37|0x00000000c5100000, 0x00000000c5200000, 0x00000000c5200000|100%| E|CS|TAMS 0x00000000c5100000| PB 0x00000000c5100000| Complete 
|  38|0x00000000c5200000, 0x00000000c5300000, 0x00000000c5300000|100%| E|CS|TAMS 0x00000000c5200000| PB 0x00000000c5200000| Complete 
|  39|0x00000000c5300000, 0x00000000c5400000, 0x00000000c5400000|100%| E|CS|TAMS 0x00000000c5300000| PB 0x00000000c5300000| Complete 
|  40|0x00000000c5400000, 0x00000000c5500000, 0x00000000c5500000|100%| E|CS|TAMS 0x00000000c5400000| PB 0x00000000c5400000| Complete 
|  41|0x00000000c5500000, 0x00000000c5600000, 0x00000000c5600000|100%| E|CS|TAMS 0x00000000c5500000| PB 0x00000000c5500000| Complete 
|  42|0x00000000c5600000, 0x00000000c5700000, 0x00000000c5700000|100%| E|CS|TAMS 0x00000000c5600000| PB 0x00000000c5600000| Complete 
|  43|0x00000000c5700000, 0x00000000c5800000, 0x00000000c5800000|100%| E|CS|TAMS 0x00000000c5700000| PB 0x00000000c5700000| Complete 
|  44|0x00000000c5800000, 0x00000000c5900000, 0x00000000c5900000|100%| E|CS|TAMS 0x00000000c5800000| PB 0x00000000c5800000| Complete 
|  45|0x00000000c5900000, 0x00000000c5a00000, 0x00000000c5a00000|100%| E|CS|TAMS 0x00000000c5900000| PB 0x00000000c5900000| Complete 
|  46|0x00000000c5a00000, 0x00000000c5b00000, 0x00000000c5b00000|100%| E|CS|TAMS 0x00000000c5a00000| PB 0x00000000c5a00000| Complete 
|  47|0x00000000c5b00000, 0x00000000c5c00000, 0x00000000c5c00000|100%| E|CS|TAMS 0x00000000c5b00000| PB 0x00000000c5b00000| Complete 
|  57|0x00000000c6500000, 0x00000000c6600000, 0x00000000c6600000|100%| E|CS|TAMS 0x00000000c6500000| PB 0x00000000c6500000| Complete 

Card table byte_map: [0x00000252b05e0000,0x00000252b07d0000] _byte_map_base: 0x00000252affca000

Marking Bits: (CMBitMap*) 0x00000252973e75a0
 Bits: [0x00000252b07d0000, 0x00000252b1720000)

Polling page: 0x0000025297480000

Metaspace:

Usage:
  Non-class:     60.20 MB used.
      Class:      8.95 MB used.
       Both:     69.16 MB used.

Virtual space:
  Non-class space:       64.00 MB reserved,      60.44 MB ( 94%) committed,  1 nodes.
      Class space:        1.00 GB reserved,       9.25 MB ( <1%) committed,  1 nodes.
             Both:        1.06 GB reserved,      69.69 MB (  6%) committed. 

Chunk freelists:
   Non-Class:  3.38 MB
       Class:  6.87 MB
        Both:  10.26 MB

MaxMetaspaceSize: unlimited
CompressedClassSpaceSize: 1.00 GB
Initial GC threshold: 21.00 MB
Current GC threshold: 116.19 MB
CDS: on
 - commit_granule_bytes: 65536.
 - commit_granule_words: 8192.
 - virtual_space_node_default_size: 8388608.
 - enlarge_chunks_in_place: 1.
 - use_allocation_guard: 0.


Internal statistics:

num_allocs_failed_limit: 6.
num_arena_births: 962.
num_arena_deaths: 320.
num_vsnodes_births: 2.
num_vsnodes_deaths: 0.
num_space_committed: 1115.
num_space_uncommitted: 0.
num_chunks_returned_to_freelist: 382.
num_chunks_taken_from_freelist: 3749.
num_chunk_merges: 100.
num_chunk_splits: 2551.
num_chunks_enlarged: 1996.
num_inconsistent_stats: 0.

CodeHeap 'non-profiled nmethods': size=120064Kb used=5825Kb max_used=5967Kb free=114238Kb
 bounds [0x00000252a8ab0000, 0x00000252a90a0000, 0x00000252afff0000]
CodeHeap 'profiled nmethods': size=120000Kb used=15545Kb max_used=19401Kb free=104454Kb
 bounds [0x00000252a0ff0000, 0x00000252a22f0000, 0x00000252a8520000]
CodeHeap 'non-nmethods': size=5696Kb used=1699Kb max_used=1760Kb free=3996Kb
 bounds [0x00000252a8520000, 0x00000252a8790000, 0x00000252a8ab0000]
 total_blobs=8236 nmethods=7515 adapters=625
 compilation: enabled
              stopped_count=0, restarted_count=0
 full_count=0

Compilation events (20 events):
Event: 8254.194 Thread 0x00000252b3ab2cf0 nmethod 10417 0x00000252a100ed90 code [0x00000252a100ef40, 0x00000252a100f168]
Event: 8254.194 Thread 0x00000252b3ab2cf0 10418       3       sun.nio.ch.SocketOptionRegistry$RegistryKey::<init> (15 bytes)
Event: 8254.206 Thread 0x00000252b3ab2cf0 nmethod 10418 0x00000252a101d610 code [0x00000252a101d7c0, 0x00000252a101d9e8]
Event: 8254.206 Thread 0x00000252b3ab2cf0 10419       3       sun.nio.ch.SocketOptionRegistry$RegistryKey::hashCode (20 bytes)
Event: 8254.206 Thread 0x00000252b3ab2cf0 nmethod 10419 0x00000252a0ffd910 code [0x00000252a0ffdae0, 0x00000252a0ffdd98]
Event: 8254.219 Thread 0x00000252b3aae230 10420       4       java.util.concurrent.locks.ReentrantReadWriteLock$Sync::tryReleaseShared (146 bytes)
Event: 8254.223 Thread 0x00000252b3aae230 nmethod 10420 0x00000252a8ed2a90 code [0x00000252a8ed2c60, 0x00000252a8ed2f30]
Event: 8254.254 Thread 0x00000252b3aae230 10421       4       java.util.concurrent.locks.AbstractQueuedSynchronizer::acquireShared (20 bytes)
Event: 8254.263 Thread 0x00000252b3aae230 nmethod 10421 0x00000252a8b3bf90 code [0x00000252a8b3c180, 0x00000252a8b3c670]
Event: 8254.263 Thread 0x00000252b3aae230 10422       4       org.hibernate.engine.internal.AbstractEntityEntry::setCompressedValue (33 bytes)
Event: 8254.265 Thread 0x00000252b3aae230 nmethod 10422 0x00000252a8b76e10 code [0x00000252a8b76fa0, 0x00000252a8b77060]
Event: 8254.304 Thread 0x00000252b3aae230 10423 %     4       org.apache.tomcat.util.buf.ByteChunk::findByte @ 3 (28 bytes)
Event: 8254.309 Thread 0x00000252b3aae230 nmethod 10423% 0x00000252a8ae1490 code [0x00000252a8ae1620, 0x00000252a8ae1858]
Event: 8254.340 Thread 0x00000252b3aae230 10424   !   4       org.apache.tomcat.util.buf.StringCache::toString (566 bytes)
Event: 8254.351 Thread 0x00000252b3aae230 nmethod 10424 0x00000252a8c3a090 code [0x00000252a8c3a260, 0x00000252a8c3a7f0]
Event: 8254.358 Thread 0x00000252b3aae230 10425       4       org.h2.engine.Database::throwLastBackgroundException (50 bytes)
Event: 8254.368 Thread 0x00000252b3aae230 nmethod 10425 0x00000252a8b02710 code [0x00000252a8b028c0, 0x00000252a8b02a70]
Event: 8254.384 Thread 0x00000252b3aae230 10426       4       java.util.TreeMap$KeyIterator::next (8 bytes)
Event: 8254.393 Thread 0x00000252b3aae230 nmethod 10426 0x00000252a8c9bf10 code [0x00000252a8c9c0a0, 0x00000252a8c9c3d8]
Event: 8254.461 Thread 0x00000252b3aae230 10427   !   4       org.springframework.web.servlet.mvc.method.annotation.AbstractMessageConverterMethodProcessor::writeWithMessageConverters (907 bytes)

GC Heap History (20 events):
Event: 8077.003 GC heap before
{Heap before GC invocations=22 (full 0):
 garbage-first heap   total 48128K, used 41433K [0x00000000c2c00000, 0x0000000100000000)
  region size 1024K, 14 young (14336K), 1 survivors (1024K)
 Metaspace       used 69255K, committed 69824K, reserved 1114112K
  class space    used 9169K, committed 9472K, reserved 1048576K
}
Event: 8077.025 GC heap after
{Heap after GC invocations=23 (full 0):
 garbage-first heap   total 48128K, used 27776K [0x00000000c2c00000, 0x0000000100000000)
  region size 1024K, 1 young (1024K), 1 survivors (1024K)
 Metaspace       used 69255K, committed 69824K, reserved 1114112K
  class space    used 9169K, committed 9472K, reserved 1048576K
}
Event: 8093.599 GC heap before
{Heap before GC invocations=23 (full 0):
 garbage-first heap   total 48128K, used 43136K [0x00000000c2c00000, 0x0000000100000000)
  region size 1024K, 16 young (16384K), 1 survivors (1024K)
 Metaspace       used 70441K, committed 70976K, reserved 1114112K
  class space    used 9170K, committed 9472K, reserved 1048576K
}
Event: 8093.613 GC heap after
{Heap after GC invocations=24 (full 0):
 garbage-first heap   total 48128K, used 27311K [0x00000000c2c00000, 0x0000000100000000)
  region size 1024K, 1 young (1024K), 1 survivors (1024K)
 Metaspace       used 70441K, committed 70976K, reserved 1114112K
  class space    used 9170K, committed 9472K, reserved 1048576K
}
Event: 8105.232 GC heap before
{Heap before GC invocations=24 (full 0):
 garbage-first heap   total 48128K, used 43695K [0x00000000c2c00000, 0x0000000100000000)
  region size 1024K, 17 young (17408K), 1 survivors (1024K)
 Metaspace       used 70671K, committed 71232K, reserved 1114112K
  class space    used 9171K, committed 9472K, reserved 1048576K
}
Event: 8105.264 GC heap after
{Heap after GC invocations=25 (full 0):
 garbage-first heap   total 48128K, used 26897K [0x00000000c2c00000, 0x0000000100000000)
  region size 1024K, 2 young (2048K), 2 survivors (2048K)
 Metaspace       used 70671K, committed 71232K, reserved 1114112K
  class space    used 9171K, committed 9472K, reserved 1048576K
}
Event: 8115.718 GC heap before
{Heap before GC invocations=25 (full 0):
 garbage-first heap   total 48128K, used 41233K [0x00000000c2c00000, 0x0000000100000000)
  region size 1024K, 16 young (16384K), 2 survivors (2048K)
 Metaspace       used 70775K, committed 71360K, reserved 1114112K
  class space    used 9171K, committed 9472K, reserved 1048576K
}
Event: 8115.734 GC heap after
{Heap after GC invocations=26 (full 0):
 garbage-first heap   total 48128K, used 26593K [0x00000000c2c00000, 0x0000000100000000)
  region size 1024K, 2 young (2048K), 2 survivors (2048K)
 Metaspace       used 70775K, committed 71360K, reserved 1114112K
  class space    used 9171K, committed 9472K, reserved 1048576K
}
Event: 8139.083 GC heap before
{Heap before GC invocations=26 (full 0):
 garbage-first heap   total 48128K, used 41953K [0x00000000c2c00000, 0x0000000100000000)
  region size 1024K, 17 young (17408K), 2 survivors (2048K)
 Metaspace       used 70812K, committed 71360K, reserved 1114112K
  class space    used 9171K, committed 9472K, reserved 1048576K
}
Event: 8139.093 GC heap after
{Heap after GC invocations=27 (full 0):
 garbage-first heap   total 48128K, used 26780K [0x00000000c2c00000, 0x0000000100000000)
  region size 1024K, 2 young (2048K), 2 survivors (2048K)
 Metaspace       used 70812K, committed 71360K, reserved 1114112K
  class space    used 9171K, committed 9472K, reserved 1048576K
}
Event: 8158.793 GC heap before
{Heap before GC invocations=28 (full 0):
 garbage-first heap   total 48128K, used 42140K [0x00000000c2c00000, 0x0000000100000000)
  region size 1024K, 17 young (17408K), 2 survivors (2048K)
 Metaspace       used 70797K, committed 71360K, reserved 1114112K
  class space    used 9166K, committed 9472K, reserved 1048576K
}
Event: 8158.802 GC heap after
{Heap after GC invocations=29 (full 0):
 garbage-first heap   total 48128K, used 26593K [0x00000000c2c00000, 0x0000000100000000)
  region size 1024K, 2 young (2048K), 2 survivors (2048K)
 Metaspace       used 70797K, committed 71360K, reserved 1114112K
  class space    used 9166K, committed 9472K, reserved 1048576K
}
Event: 8235.289 GC heap before
{Heap before GC invocations=29 (full 0):
 garbage-first heap   total 48128K, used 41953K [0x00000000c2c00000, 0x0000000100000000)
  region size 1024K, 17 young (17408K), 2 survivors (2048K)
 Metaspace       used 70806K, committed 71360K, reserved 1114112K
  class space    used 9167K, committed 9472K, reserved 1048576K
}
Event: 8235.894 GC heap after
{Heap after GC invocations=30 (full 0):
 garbage-first heap   total 48128K, used 26503K [0x00000000c2c00000, 0x0000000100000000)
  region size 1024K, 2 young (2048K), 2 survivors (2048K)
 Metaspace       used 70806K, committed 71360K, reserved 1114112K
  class space    used 9167K, committed 9472K, reserved 1048576K
}
Event: 8243.513 GC heap before
{Heap before GC invocations=30 (full 0):
 garbage-first heap   total 48128K, used 41863K [0x00000000c2c00000, 0x0000000100000000)
  region size 1024K, 17 young (17408K), 2 survivors (2048K)
 Metaspace       used 70810K, committed 71360K, reserved 1114112K
  class space    used 9167K, committed 9472K, reserved 1048576K
}
Event: 8243.568 GC heap after
{Heap after GC invocations=31 (full 0):
 garbage-first heap   total 48128K, used 26751K [0x00000000c2c00000, 0x0000000100000000)
  region size 1024K, 2 young (2048K), 2 survivors (2048K)
 Metaspace       used 70810K, committed 71360K, reserved 1114112K
  class space    used 9167K, committed 9472K, reserved 1048576K
}
Event: 8249.263 GC heap before
{Heap before GC invocations=32 (full 0):
 garbage-first heap   total 50176K, used 42111K [0x00000000c2c00000, 0x0000000100000000)
  region size 1024K, 17 young (17408K), 2 survivors (2048K)
 Metaspace       used 70810K, committed 71360K, reserved 1114112K
  class space    used 9167K, committed 9472K, reserved 1048576K
}
Event: 8249.272 GC heap after
{Heap after GC invocations=33 (full 0):
 garbage-first heap   total 50176K, used 26421K [0x00000000c2c00000, 0x0000000100000000)
  region size 1024K, 2 young (2048K), 2 survivors (2048K)
 Metaspace       used 70810K, committed 71360K, reserved 1114112K
  class space    used 9167K, committed 9472K, reserved 1048576K
}
Event: 8252.766 GC heap before
{Heap before GC invocations=33 (full 0):
 garbage-first heap   total 50176K, used 43829K [0x00000000c2c00000, 0x0000000100000000)
  region size 1024K, 19 young (19456K), 2 survivors (2048K)
 Metaspace       used 70814K, committed 71360K, reserved 1114112K
  class space    used 9168K, committed 9472K, reserved 1048576K
}
Event: 8252.800 GC heap after
{Heap after GC invocations=34 (full 0):
 garbage-first heap   total 50176K, used 26418K [0x00000000c2c00000, 0x0000000100000000)
  region size 1024K, 2 young (2048K), 2 survivors (2048K)
 Metaspace       used 70814K, committed 71360K, reserved 1114112K
  class space    used 9168K, committed 9472K, reserved 1048576K
}

Dll operation events (11 events):
Event: 0.024 Loaded shared library C:\Program Files\Java\jdk-21\bin\java.dll
Event: 0.081 Loaded shared library C:\Program Files\Java\jdk-21\bin\jsvml.dll
Event: 0.395 Loaded shared library C:\Program Files\Java\jdk-21\bin\net.dll
Event: 0.399 Loaded shared library C:\Program Files\Java\jdk-21\bin\nio.dll
Event: 0.404 Loaded shared library C:\Program Files\Java\jdk-21\bin\zip.dll
Event: 0.761 Loaded shared library C:\Program Files\Java\jdk-21\bin\jimage.dll
Event: 11.395 Loaded shared library C:\Program Files\Java\jdk-21\bin\sunmscapi.dll
Event: 11.446 Loaded shared library C:\Program Files\Java\jdk-21\bin\management.dll
Event: 11.453 Loaded shared library C:\Program Files\Java\jdk-21\bin\management_ext.dll
Event: 15.658 Loaded shared library C:\Program Files\Java\jdk-21\bin\verify.dll
Event: 26.147 Loaded shared library C:\Program Files\Java\jdk-21\bin\extnet.dll

Deoptimization events (20 events):
Event: 8242.961 Thread 0x00000252fb834850 DEOPT PACKING pc=0x00000252a1c001aa sp=0x000000f7764fe700
Event: 8242.961 Thread 0x00000252fb834850 DEOPT UNPACKING pc=0x00000252a8574e23 sp=0x000000f7764fdb48 mode 0
Event: 8247.312 Thread 0x00000252fc786cb0 Uncommon trap: trap_request=0xffffffc6 fr.pc=0x00000252a8f03a5c relative=0x00000000000006dc
Event: 8247.312 Thread 0x00000252fc786cb0 Uncommon trap: reason=bimorphic_or_optimized_type_check action=maybe_recompile pc=0x00000252a8f03a5c method=java.util.HashMap.removeNode(ILjava/lang/Object;Ljava/lang/Object;ZZ)Ljava/util/HashMap$Node; @ 143 c2
Event: 8247.312 Thread 0x00000252fc786cb0 DEOPT PACKING pc=0x00000252a8f03a5c sp=0x000000f7771ff120
Event: 8247.312 Thread 0x00000252fc786cb0 DEOPT UNPACKING pc=0x00000252a857469c sp=0x000000f7771ff048 mode 2
Event: 8249.657 Thread 0x00000252fb8334a0 DEOPT PACKING pc=0x00000252a19b79cb sp=0x000000f776efea70
Event: 8249.657 Thread 0x00000252fb8334a0 DEOPT UNPACKING pc=0x00000252a8574e23 sp=0x000000f776efdf28 mode 0
Event: 8250.068 Thread 0x00000252fc787340 Uncommon trap: trap_request=0xffffffde fr.pc=0x00000252a8f9d410 relative=0x0000000000001110
Event: 8250.068 Thread 0x00000252fc787340 Uncommon trap: reason=class_check action=maybe_recompile pc=0x00000252a8f9d410 method=org.springframework.util.ConcurrentLruCache.processRead(Lorg/springframework/util/ConcurrentLruCache$Node;)V @ 16 c2
Event: 8250.068 Thread 0x00000252fc787340 DEOPT PACKING pc=0x00000252a8f9d410 sp=0x000000f7770fc6e0
Event: 8250.068 Thread 0x00000252fc787340 DEOPT UNPACKING pc=0x00000252a857469c sp=0x000000f7770fc500 mode 2
Event: 8252.403 Thread 0x00000252fc786cb0 Uncommon trap: trap_request=0xffffffc6 fr.pc=0x00000252a8f03a5c relative=0x00000000000006dc
Event: 8252.403 Thread 0x00000252fc786cb0 Uncommon trap: reason=bimorphic_or_optimized_type_check action=maybe_recompile pc=0x00000252a8f03a5c method=java.util.HashMap.removeNode(ILjava/lang/Object;Ljava/lang/Object;ZZ)Ljava/util/HashMap$Node; @ 143 c2
Event: 8252.403 Thread 0x00000252fc786cb0 DEOPT PACKING pc=0x00000252a8f03a5c sp=0x000000f7771ff120
Event: 8252.403 Thread 0x00000252fc786cb0 DEOPT UNPACKING pc=0x00000252a857469c sp=0x000000f7771ff048 mode 2
Event: 8254.459 Thread 0x00000252fb8341c0 Uncommon trap: trap_request=0xffffffc6 fr.pc=0x00000252a8ed479c relative=0x000000000000007c
Event: 8254.459 Thread 0x00000252fb8341c0 Uncommon trap: reason=bimorphic_or_optimized_type_check action=maybe_recompile pc=0x00000252a8ed479c method=java.lang.ThreadLocal.set(Ljava/lang/Thread;Ljava/lang/Object;)V @ 2 c2
Event: 8254.459 Thread 0x00000252fb8341c0 DEOPT PACKING pc=0x00000252a8ed479c sp=0x000000f776dfd090
Event: 8254.460 Thread 0x00000252fb8341c0 DEOPT UNPACKING pc=0x00000252a857469c sp=0x000000f776dfcff0 mode 2

Classes loaded (20 events):
Event: 1583.833 Loading class java/util/stream/LongStream
Event: 1583.835 Loading class java/util/stream/LongStream done
Event: 1583.835 Loading class java/util/stream/DoubleStream
Event: 1583.836 Loading class java/util/stream/DoubleStream done
Event: 1623.290 Loading class java/util/stream/Streams$RangeIntSpliterator
Event: 1623.296 Loading class java/util/stream/Streams$RangeIntSpliterator done
Event: 7679.832 Loading class java/util/regex/Pattern$LookBehindEndNode
Event: 7679.842 Loading class java/util/regex/Pattern$LookBehindEndNode done
Event: 7679.842 Loading class java/util/regex/Pattern$NotBehind
Event: 7679.848 Loading class java/util/regex/Pattern$NotBehind done
Event: 7679.849 Loading class java/util/regex/Pattern$Behind
Event: 7679.851 Loading class java/util/regex/Pattern$Behind done
Event: 7680.260 Loading class java/util/EmptyStackException
Event: 7680.267 Loading class java/util/EmptyStackException done
Event: 7680.404 Loading class java/io/InvalidClassException
Event: 7680.408 Loading class java/io/InvalidClassException done
Event: 8103.142 Loading class sun/util/locale/LocaleExtensions
Event: 8103.152 Loading class sun/util/locale/LocaleExtensions done
Event: 8209.028 Loading class java/util/concurrent/locks/ReentrantReadWriteLock$Sync$HoldCounter
Event: 8209.041 Loading class java/util/concurrent/locks/ReentrantReadWriteLock$Sync$HoldCounter done

Classes unloaded (20 events):
Event: 7682.174 Thread 0x000002529746aef0 Unloading class 0x00000252b5015c00 'java/lang/invoke/LambdaForm$MH+0x00000252b5015c00'
Event: 7682.174 Thread 0x000002529746aef0 Unloading class 0x00000252b5014c00 'java/lang/invoke/LambdaForm$MH+0x00000252b5014c00'
Event: 7682.174 Thread 0x000002529746aef0 Unloading class 0x00000252b5014000 'java/lang/invoke/LambdaForm$MH+0x00000252b5014000'
Event: 7682.174 Thread 0x000002529746aef0 Unloading class 0x00000252b5013c00 'java/lang/invoke/LambdaForm$MH+0x00000252b5013c00'
Event: 7682.174 Thread 0x000002529746aef0 Unloading class 0x00000252b5013400 'java/lang/invoke/LambdaForm$MH+0x00000252b5013400'
Event: 7682.174 Thread 0x000002529746aef0 Unloading class 0x00000252b5013000 'java/lang/invoke/LambdaForm$MH+0x00000252b5013000'
Event: 7682.174 Thread 0x000002529746aef0 Unloading class 0x00000252b5012c00 'java/lang/invoke/LambdaForm$MH+0x00000252b5012c00'
Event: 7682.174 Thread 0x000002529746aef0 Unloading class 0x00000252b5012000 'java/lang/invoke/LambdaForm$MH+0x00000252b5012000'
Event: 7682.174 Thread 0x000002529746aef0 Unloading class 0x00000252b5011000 'java/lang/invoke/LambdaForm$MH+0x00000252b5011000'
Event: 7682.174 Thread 0x000002529746aef0 Unloading class 0x00000252b5010400 'java/lang/invoke/LambdaForm$MH+0x00000252b5010400'
Event: 7682.174 Thread 0x000002529746aef0 Unloading class 0x00000252b5008c00 'java/lang/invoke/LambdaForm$MH+0x00000252b5008c00'
Event: 8139.190 Thread 0x000002529746aef0 Unloading class 0x00000252b58bc000 'java/lang/invoke/LambdaForm$MH+0x00000252b58bc000'
Event: 8139.190 Thread 0x000002529746aef0 Unloading class 0x00000252b5802c00 'java/lang/invoke/LambdaForm$MH+0x00000252b5802c00'
Event: 8139.190 Thread 0x000002529746aef0 Unloading class 0x00000252b5802000 'java/lang/invoke/LambdaForm$MH+0x00000252b5802000'
Event: 8139.190 Thread 0x000002529746aef0 Unloading class 0x00000252b5801c00 'java/lang/invoke/LambdaForm$MH+0x00000252b5801c00'
Event: 8139.190 Thread 0x000002529746aef0 Unloading class 0x00000252b5801800 'java/lang/invoke/LambdaForm$MH+0x00000252b5801800'
Event: 8139.190 Thread 0x000002529746aef0 Unloading class 0x00000252b5801400 'java/lang/invoke/LambdaForm$MH+0x00000252b5801400'
Event: 8139.190 Thread 0x000002529746aef0 Unloading class 0x00000252b5800800 'java/lang/invoke/LambdaForm$MH+0x00000252b5800800'
Event: 8139.190 Thread 0x000002529746aef0 Unloading class 0x00000252b5800400 'java/lang/invoke/LambdaForm$MH+0x00000252b5800400'
Event: 8139.190 Thread 0x000002529746aef0 Unloading class 0x00000252b5800000 'java/lang/invoke/LambdaForm$MH+0x00000252b5800000'

Classes redefined (0 events):
No events

Internal exceptions (20 events):
Event: 1588.112 Thread 0x00000252fc786620 Exception <a 'java/lang/NoSuchMethodError'{0x00000000c4e764f0}: 'void java.lang.invoke.DirectMethodHandle$Holder.invokeSpecialIFC(java.lang.Object, java.lang.Object, int, java.lang.Object, java.lang.Object, java.lang.Object, java.lang.Object)'> (0x00000000c4e764f0) 
thrown [s\open\src\hotspot\share\interpreter\linkResolver.cpp, line 773]
Event: 5404.137 Thread 0x00000252f901e020 Implicit null exception at 0x00000252a8dfa9c9 to 0x00000252a8dfac88
Event: 7682.720 Thread 0x00000252fb8320f0 Implicit null exception at 0x00000252a8d1d8d7 to 0x00000252a8d1dfc8
Event: 7682.724 Thread 0x00000252fb8320f0 Implicit null exception at 0x00000252a8d4b3e7 to 0x00000252a8d4b478
Event: 7682.770 Thread 0x00000252fb8320f0 Implicit null exception at 0x00000252a8c11a91 to 0x00000252a8c11b85
Event: 7682.921 Thread 0x00000252fb832780 Implicit null exception at 0x00000252a8ccb627 to 0x00000252a8cd289c
Event: 7683.327 Thread 0x00000252fb832780 Implicit null exception at 0x00000252a8c4a940 to 0x00000252a8c4ac7a
Event: 7683.332 Thread 0x00000252fb832780 Implicit null exception at 0x00000252a8c9c5be to 0x00000252a8c9ce9c
Event: 7683.333 Thread 0x00000252fb832780 Implicit null exception at 0x00000252a8d345f0 to 0x00000252a8d375a8
Event: 7683.333 Thread 0x00000252fb832780 Implicit null exception at 0x00000252a8d3adbb to 0x00000252a8d3b0fa
Event: 7683.349 Thread 0x00000252fb832780 Exception <a 'java/lang/NoSuchMethodError'{0x00000000c5242c90}: 'java.lang.Object java.lang.invoke.DirectMethodHandle$Holder.invokeInterface(java.lang.Object, java.lang.Object, java.lang.Object, java.lang.Object, java.lang.Object)'> (0x00000000c5242c90) 
thrown [s\open\src\hotspot\share\interpreter\linkResolver.cpp, line 773]
Event: 7683.352 Thread 0x00000252fb835570 Exception <a 'java/lang/NoSuchMethodError'{0x00000000c5214260}: 'java.lang.Object java.lang.invoke.DirectMethodHandle$Holder.invokeInterface(java.lang.Object, java.lang.Object, java.lang.Object, java.lang.Object, java.lang.Object)'> (0x00000000c5214260) 
thrown [s\open\src\hotspot\share\interpreter\linkResolver.cpp, line 773]
Event: 7683.453 Thread 0x00000252fb835570 Implicit null exception at 0x00000252a8cfa226 to 0x00000252a8cfa684
Event: 7683.458 Thread 0x00000252fb835570 Implicit null exception at 0x00000252a8cf4bfc to 0x00000252a8cf6cac
Event: 7683.668 Thread 0x00000252fb832e10 Implicit null exception at 0x00000252a8d1a40d to 0x00000252a8d1bfcc
Event: 7737.862 Thread 0x00000252fb832e10 Implicit null exception at 0x00000252a8c8cde0 to 0x00000252a8c8d240
Event: 8230.398 Thread 0x00000252fb834ee0 Implicit null exception at 0x00000252a9000454 to 0x00000252a900369c
Event: 8230.560 Thread 0x00000252fc787340 Implicit null exception at 0x00000252a9000454 to 0x00000252a900369c
Event: 8230.566 Thread 0x00000252fb8341c0 Implicit null exception at 0x00000252a9000454 to 0x00000252a900369c
Event: 8230.596 Thread 0x00000252fb8320f0 Implicit null exception at 0x00000252a9000454 to 0x00000252a900369c

ZGC Phase Switch (0 events):
No events

VM Operations (20 events):
Event: 8245.673 Executing VM operation: G1PauseCleanup
Event: 8245.679 Executing VM operation: G1PauseCleanup done
Event: 8246.682 Executing VM operation: Cleanup
Event: 8246.733 Executing VM operation: Cleanup done
Event: 8247.734 Executing VM operation: Cleanup
Event: 8247.735 Executing VM operation: Cleanup done
Event: 8248.745 Executing VM operation: Cleanup
Event: 8248.746 Executing VM operation: Cleanup done
Event: 8249.263 Executing VM operation: G1CollectForAllocation (G1 Evacuation Pause)
Event: 8249.272 Executing VM operation: G1CollectForAllocation (G1 Evacuation Pause) done
Event: 8250.286 Executing VM operation: Cleanup
Event: 8250.535 Executing VM operation: Cleanup done
Event: 8252.537 Executing VM operation: Cleanup
Event: 8252.558 Executing VM operation: Cleanup done
Event: 8252.757 Executing VM operation: G1CollectForAllocation (G1 Evacuation Pause)
Event: 8252.881 Executing VM operation: G1CollectForAllocation (G1 Evacuation Pause) done
Event: 8253.887 Executing VM operation: Cleanup
Event: 8253.889 Executing VM operation: Cleanup done
Event: 8254.896 Executing VM operation: Cleanup
Event: 8254.896 Executing VM operation: Cleanup done

Events (20 events):
Event: 8245.612 Thread 0x000002529746aef0 flushing nmethod 0x00000252a8b05210
Event: 8245.612 Thread 0x000002529746aef0 flushing nmethod 0x00000252a8b02610
Event: 8245.612 Thread 0x000002529746aef0 flushing nmethod 0x00000252a8b02290
Event: 8245.612 Thread 0x000002529746aef0 flushing nmethod 0x00000252a8af9e10
Event: 8245.613 Thread 0x000002529746aef0 flushing nmethod 0x00000252a8af9990
Event: 8245.613 Thread 0x000002529746aef0 flushing nmethod 0x00000252a8ae5490
Event: 8245.613 Thread 0x000002529746aef0 flushing nmethod 0x00000252a8ae9710
Event: 8245.613 Thread 0x000002529746aef0 flushing nmethod 0x00000252a8ade910
Event: 8245.613 Thread 0x000002529746aef0 flushing nmethod 0x00000252a8adc490
Event: 8245.613 Thread 0x000002529746aef0 flushing nmethod 0x00000252a8ae1010
Event: 8245.617 Thread 0x000002529746aef0 flushing nmethod 0x00000252a8adc090
Event: 8245.617 Thread 0x000002529746aef0 flushing nmethod 0x00000252a8adb090
Event: 8245.617 Thread 0x000002529746aef0 flushing nmethod 0x00000252a8ad7510
Event: 8245.617 Thread 0x000002529746aef0 flushing nmethod 0x00000252a8ac5a10
Event: 8245.617 Thread 0x000002529746aef0 flushing nmethod 0x00000252a8ac3890
Event: 8245.617 Thread 0x000002529746aef0 flushing nmethod 0x00000252a8acfe10
Event: 8245.617 Thread 0x000002529746aef0 flushing nmethod 0x00000252a8acf210
Event: 8245.617 Thread 0x000002529746aef0 flushing nmethod 0x00000252a8acaa10
Event: 8245.617 Thread 0x000002529746aef0 flushing nmethod 0x00000252a8ac0910
Event: 8245.617 Thread 0x000002529746aef0 flushing nmethod 0x00000252a8ab3510


Dynamic libraries:
0x00007ff702180000 - 0x00007ff702190000 	C:\Program Files\Java\jdk-21\bin\java.exe
0x00007ff90be90000 - 0x00007ff90c087000 	C:\WINDOWS\SYSTEM32\ntdll.dll
0x00007ff90b080000 - 0x00007ff90b13d000 	C:\WINDOWS\System32\KERNEL32.DLL
0x00007ff909570000 - 0x00007ff909866000 	C:\WINDOWS\System32\KERNELBASE.dll
0x00007ff909870000 - 0x00007ff909970000 	C:\WINDOWS\System32\ucrtbase.dll
0x00007ff9034b0000 - 0x00007ff9034c9000 	C:\Program Files\Java\jdk-21\bin\jli.dll
0x00007ff90b140000 - 0x00007ff90b1ee000 	C:\WINDOWS\System32\ADVAPI32.dll
0x00007ff90b9f0000 - 0x00007ff90ba8e000 	C:\WINDOWS\System32\msvcrt.dll
0x00007ff8fff50000 - 0x00007ff8fff6b000 	C:\Program Files\Java\jdk-21\bin\VCRUNTIME140.dll
0x00007ff90b1f0000 - 0x00007ff90b28c000 	C:\WINDOWS\System32\sechost.dll
0x00007ff90a640000 - 0x00007ff90a766000 	C:\WINDOWS\System32\RPCRT4.dll
0x00007ff90a800000 - 0x00007ff90a99e000 	C:\WINDOWS\System32\USER32.dll
0x00007ff909ca0000 - 0x00007ff909cc2000 	C:\WINDOWS\System32\win32u.dll
0x00007ff90ba90000 - 0x00007ff90babc000 	C:\WINDOWS\System32\GDI32.dll
0x00007ff909b80000 - 0x00007ff909c9a000 	C:\WINDOWS\System32\gdi32full.dll
0x00007ff8eee00000 - 0x00007ff8ef09a000 	C:\WINDOWS\WinSxS\amd64_microsoft.windows.common-controls_6595b64144ccf1df_6.0.19041.3570_none_60bb2a3971f3e41a\COMCTL32.dll
0x00007ff909970000 - 0x00007ff909a0d000 	C:\WINDOWS\System32\msvcp_win.dll
0x00007ff8f56b0000 - 0x00007ff8f56ba000 	C:\WINDOWS\SYSTEM32\VERSION.dll
0x00007ff90a770000 - 0x00007ff90a7a0000 	C:\WINDOWS\System32\IMM32.DLL
0x00007ff903790000 - 0x00007ff90379c000 	C:\Program Files\Java\jdk-21\bin\vcruntime140_1.dll
0x00007ff8f5fa0000 - 0x00007ff8f602e000 	C:\Program Files\Java\jdk-21\bin\msvcp140.dll
0x00007ff8b7ba0000 - 0x00007ff8b88b5000 	C:\Program Files\Java\jdk-21\bin\server\jvm.dll
0x00007ff90b010000 - 0x00007ff90b07b000 	C:\WINDOWS\System32\WS2_32.dll
0x00007ff9093d0000 - 0x00007ff90941b000 	C:\WINDOWS\SYSTEM32\POWRPROF.dll
0x00007ff8ec920000 - 0x00007ff8ec947000 	C:\WINDOWS\SYSTEM32\WINMM.dll
0x00007ff9093b0000 - 0x00007ff9093c2000 	C:\WINDOWS\SYSTEM32\UMPDC.dll
0x00007ff907df0000 - 0x00007ff907e02000 	C:\WINDOWS\SYSTEM32\kernel.appcore.dll
0x00007ff9035a0000 - 0x00007ff9035aa000 	C:\Program Files\Java\jdk-21\bin\jimage.dll
0x00007ff907ab0000 - 0x00007ff907c94000 	C:\WINDOWS\SYSTEM32\DBGHELP.DLL
0x00007ff900000000 - 0x00007ff900034000 	C:\WINDOWS\SYSTEM32\dbgcore.DLL
0x00007ff909a40000 - 0x00007ff909ac2000 	C:\WINDOWS\System32\bcryptPrimitives.dll
0x00007ff8f7310000 - 0x00007ff8f732f000 	C:\Program Files\Java\jdk-21\bin\java.dll
0x00007ff909ef0000 - 0x00007ff90a634000 	C:\WINDOWS\System32\SHELL32.dll
0x00007ff907240000 - 0x00007ff9079db000 	C:\WINDOWS\SYSTEM32\windows.storage.dll
0x00007ff90b4a0000 - 0x00007ff90b7f4000 	C:\WINDOWS\System32\combase.dll
0x00007ff908ee0000 - 0x00007ff908f0d000 	C:\WINDOWS\SYSTEM32\Wldp.dll
0x00007ff90bda0000 - 0x00007ff90be4d000 	C:\WINDOWS\System32\SHCORE.dll
0x00007ff90b8b0000 - 0x00007ff90b905000 	C:\WINDOWS\System32\shlwapi.dll
0x00007ff9094a0000 - 0x00007ff9094c5000 	C:\WINDOWS\SYSTEM32\profapi.dll
0x00007ff8f4eb0000 - 0x00007ff8f4f87000 	C:\Program Files\Java\jdk-21\bin\jsvml.dll
0x00007ff903560000 - 0x00007ff903570000 	C:\Program Files\Java\jdk-21\bin\net.dll
0x00007ff8fb440000 - 0x00007ff8fb54a000 	C:\WINDOWS\SYSTEM32\WINHTTP.dll
0x00007ff908c40000 - 0x00007ff908caa000 	C:\WINDOWS\system32\mswsock.dll
0x00007ff8f72f0000 - 0x00007ff8f7306000 	C:\Program Files\Java\jdk-21\bin\nio.dll
0x00007ff8f7070000 - 0x00007ff8f7088000 	C:\Program Files\Java\jdk-21\bin\zip.dll
0x00007ff908e40000 - 0x00007ff908e58000 	C:\WINDOWS\SYSTEM32\CRYPTSP.dll
0x00007ff908550000 - 0x00007ff908584000 	C:\WINDOWS\system32\rsaenh.dll
0x00007ff909a10000 - 0x00007ff909a37000 	C:\WINDOWS\System32\bcrypt.dll
0x00007ff909420000 - 0x00007ff90944e000 	C:\WINDOWS\SYSTEM32\USERENV.dll
0x00007ff908e30000 - 0x00007ff908e3c000 	C:\WINDOWS\SYSTEM32\CRYPTBASE.dll
0x00007ff908930000 - 0x00007ff90896b000 	C:\WINDOWS\SYSTEM32\IPHLPAPI.DLL
0x00007ff90bac0000 - 0x00007ff90bac8000 	C:\WINDOWS\System32\NSI.dll
0x00007ff9034a0000 - 0x00007ff9034ae000 	C:\Program Files\Java\jdk-21\bin\sunmscapi.dll
0x00007ff909cd0000 - 0x00007ff909e2d000 	C:\WINDOWS\System32\CRYPT32.dll
0x00007ff908f50000 - 0x00007ff908f77000 	C:\WINDOWS\SYSTEM32\ncrypt.dll
0x00007ff908f10000 - 0x00007ff908f4b000 	C:\WINDOWS\SYSTEM32\NTASN1.dll
0x00007ff901a40000 - 0x00007ff901a4a000 	C:\Program Files\Java\jdk-21\bin\management.dll
0x00007ff901440000 - 0x00007ff90144b000 	C:\Program Files\Java\jdk-21\bin\management_ext.dll
0x00007ff90b8a0000 - 0x00007ff90b8a8000 	C:\WINDOWS\System32\PSAPI.DLL
0x00007ff9013c0000 - 0x00007ff9013d0000 	C:\Program Files\Java\jdk-21\bin\verify.dll
0x00007ff8fe2a0000 - 0x00007ff8fe2a7000 	C:\Program Files\Java\jdk-21\bin\extnet.dll
0x00007ff8fb340000 - 0x00007ff8fb347000 	C:\WINDOWS\system32\wshunix.dll

dbghelp: loaded successfully - version: 4.0.5 - missing functions: none
symbol engine: initialized successfully - sym options: 0x614 - pdb path: .;C:\Program Files\Java\jdk-21\bin;C:\WINDOWS\SYSTEM32;C:\WINDOWS\WinSxS\amd64_microsoft.windows.common-controls_6595b64144ccf1df_6.0.19041.3570_none_60bb2a3971f3e41a;C:\Program Files\Java\jdk-21\bin\server

VM Arguments:
jvm_args: -XX:+ShowCodeDetailsInExceptionMessages 
java_command: com.example.demo.DemoApplication
java_class_path (initial): C:\Users\fjtai\Desktop\demo\demo\target\classes;C:\Users\fjtai\.m2\repository\org\springframework\boot\spring-boot-starter-data-jpa\3.1.5\spring-boot-starter-data-jpa-3.1.5.jar;C:\Users\fjtai\.m2\repository\org\springframework\boot\spring-boot-starter-aop\3.1.5\spring-boot-starter-aop-3.1.5.jar;C:\Users\fjtai\.m2\repository\org\springframework\spring-aop\6.0.13\spring-aop-6.0.13.jar;C:\Users\fjtai\.m2\repository\org\aspectj\aspectjweaver\1.9.20\aspectjweaver-1.9.20.jar;C:\Users\fjtai\.m2\repository\org\springframework\boot\spring-boot-starter-jdbc\3.1.5\spring-boot-starter-jdbc-3.1.5.jar;C:\Users\fjtai\.m2\repository\com\zaxxer\HikariCP\5.0.1\HikariCP-5.0.1.jar;C:\Users\fjtai\.m2\repository\org\springframework\spring-jdbc\6.0.13\spring-jdbc-6.0.13.jar;C:\Users\fjtai\.m2\repository\org\hibernate\orm\hibernate-core\6.2.13.Final\hibernate-core-6.2.13.Final.jar;C:\Users\fjtai\.m2\repository\jakarta\persistence\jakarta.persistence-api\3.1.0\jakarta.persistence-api-3.1.0.jar;C:\Users\fjtai\.m2\repository\jakarta\transaction\jakarta.transaction-api\2.0.1\jakarta.transaction-api-2.0.1.jar;C:\Users\fjtai\.m2\repository\org\jboss\logging\jboss-logging\3.5.3.Final\jboss-logging-3.5.3.Final.jar;C:\Users\fjtai\.m2\repository\org\hibernate\common\hibernate-commons-annotations\6.0.6.Final\hibernate-commons-annotations-6.0.6.Final.jar;C:\Users\fjtai\.m2\repository\io\smallrye\jandex\3.0.5\jandex-3.0.5.jar;C:\Users\fjtai\.m2\repository\com\fasterxml\classmate\1.5.1\classmate-1.5.1.jar;C:\Users\fjtai\.m2\repository\net\bytebuddy\byte-buddy\1.14.9\byte-buddy-1.14.9.jar;C:\Users\fjtai\.m2\repository\org\glassfish\jaxb\jaxb-runtime\4.0.3\jaxb-runtime-4.0.3.jar;C:\Users\fjtai\.m2\repository\org\glassfish\jaxb\jaxb-core\4.0.3\jaxb-core-4.0.3.jar;C:\Users\fjtai\.m2\repository\org\eclipse\angus\angus-activation\2.0.1\angus-activation-2.0.1.jar;C:\Users\fjtai\.m2\repository\org\glassfish\jaxb\txw2\4.0.3\txw2-4.0.3.jar;C:\Users\fjtai\.m2\repository\com\sun\istack\istack-commons-runtime\4.1.2\istack-commons-runtime-4.1.2.jar;C:\Users\fjtai\.m2\repository\jakarta\inject\jakarta.inject-api\2.0.1\jakarta.inject-api-2.0.1.jar;C:\Users\fjtai\.m2\repository\org\antlr\antlr4-runtime\4.10.1\antlr4-runtime-4.10.1.jar;C:\Users\fjtai\.m2\repository\org\springframework\data\spring-data-jpa\3.1.5\spring-data-jpa-3.1.5.jar;C:\Users\fjtai\.m2\repository\org\springframework\data\spring-data-commons\3.1.5\spring-data-commons-3.1.5.jar;C:\Users\fjtai\.m2\repository\org\springframework\spring-orm\6.0.13\spring-orm-6.0.13.jar;C:\Users\fjtai\.m2\repository\org\springframework\spring-context\6.0.13\spring-context-6.0.13.jar;C:\Users\fjtai\.m2\repository\org\springframework\spring-tx\6.0.13\spring-tx-6.0.13.jar;C:\Users\fjtai\.m2\repository\org\springframework\spring-beans\6.0.13\spring-beans-6.0.13.jar;C:\Users\fjtai\.m2\repository\jakarta\annotation\jakarta.annotation-api\2.1.1\jakarta.annotation-api-2.1.1.jar;C:\Users\fjtai\.m2\repository\org\slf4j\slf4j-api\2.0.9\slf4j-api-2.0.9.jar;C:\Users\fjtai\.m2\repository\org\springframework\spring-aspects\6.0.13\spring-aspects-6.0.13.jar;C:\Users\fjtai\.m2\repository\org\springframework\boot\spring-boot-starter-web\3.1.5\spring-boot-starter-web-3.1.5.jar;C:\Users\fjtai\.m2\repository\org\springframework\boot\spring-boot-starter\3.1.5\spring-boot-starter-3.1.5.jar;C:\Users\fjtai\.m2\repository\org\springframework\boot\spring-boot\3.1.5\spring-boot-3.1.5.jar;C:\Users\fjtai\.m2\repository\org\springframework\boot\spring-boot-autoconfigure\3.1.5\spring-boot-autoconfigure-3.1.5.jar;C:\Users\fjtai\.m2\repository\org\springframework\boot\spring-boot-starter-logging\3.1.5\spring-boot-starter-logging-3.1.5.jar;C:\Users\fjtai\.m2\repository\ch\qos\logback\logback-classic\1.4.11\logback-classic-1.4.11.jar;C:\Users\fjtai\.m2\repository\ch\qos\logback\logback-core\1.4.11\logback-core-1.4.11.jar;C:\Users\fjtai\.m2\repository\org\apache\logging\log4j\log4j-to-slf4j\2.20.0\log4j-to-slf4j-2.20.0.jar;C:\Users\fjtai\.m2\repository\org\apache\logging\log4j\log4j-api\2.20.0\log4j-api-2.20.0.jar;C:\Users\fjtai\.m2\repository\org\slf4j\jul-to-slf4j\2.0.9\jul-to-slf4j-2.0.9.jar;C:\Users\fjtai\.m2\repository\org\yaml\snakeyaml\1.33\snakeyaml-1.33.jar;C:\Users\fjtai\.m2\repository\org\springframework\boot\spring-boot-starter-json\3.1.5\spring-boot-starter-json-3.1.5.jar;C:\Users\fjtai\.m2\repository\com\fasterxml\jackson\core\jackson-databind\2.15.3\jackson-databind-2.15.3.jar;C:\Users\fjtai\.m2\repository\com\fasterxml\jackson\core\jackson-annotations\2.15.3\jackson-annotations-2.15.3.jar;C:\Users\fjtai\.m2\repository\com\fasterxml\jackson\core\jackson-core\2.15.3\jackson-core-2.15.3.jar;C:\Users\fjtai\.m2\repository\com\fasterxml\jackson\datatype\jackson-datatype-jdk8\2.15.3\jackson-datatype-jdk8-2.15.3.jar;C:\Users\fjtai\.m2\repository\com\fasterxml\jackson\datatype\jackson-datatype-jsr310\2.15.3\jackson-datatype-jsr310-2.15.3.jar;C:\Users\fjtai\.m2\repository\com\fasterxml\jackson\module\jackson-module-parameter-names\2.15.3\jackson-module-parameter-names-2.15.3.jar;C:\Users\fjtai\.m2\repository\org\springframework\boot\spring-boot-starter-tomcat\3.1.5\spring-boot-starter-tomcat-3.1.5.jar;C:\Users\fjtai\.m2\repository\org\apache\tomcat\embed\tomcat-embed-core\10.1.15\tomcat-embed-core-10.1.15.jar;C:\Users\fjtai\.m2\repository\org\apache\tomcat\embed\tomcat-embed-el\10.1.15\tomcat-embed-el-10.1.15.jar;C:\Users\fjtai\.m2\repository\org\apache\tomcat\embed\tomcat-embed-websocket\10.1.15\tomcat-embed-websocket-10.1.15.jar;C:\Users\fjtai\.m2\repository\org\springframework\spring-web\6.0.13\spring-web-6.0.13.jar;C:\Users\fjtai\.m2\repository\io\micrometer\micrometer-observation\1.11.5\micrometer-observation-1.11.5.jar;C:\Users\fjtai\.m2\repository\io\micrometer\micrometer-commons\1.11.5\micrometer-commons-1.11.5.jar;C:\Users\fjtai\.m2\repository\org\springframework\spring-webmvc\6.0.13\spring-webmvc-6.0.13.jar;C:\Users\fjtai\.m2\repository\org\springframework\spring-expression\6.0.13\spring-expression-6.0.13.jar;C:\Users\fjtai\.m2\repository\com\h2database\h2\2.1.214\h2-2.1.214.jar;C:\Users\fjtai\.m2\repository\jakarta\xml\bind\jakarta.xml.bind-api\4.0.1\jakarta.xml.bind-api-4.0.1.jar;C:\Users\fjtai\.m2\repository\jakarta\activation\jakarta.activation-api\2.1.2\jakarta.activation-api-2.1.2.jar;C:\Users\fjtai\.m2\repository\org\springframework\spring-core\6.0.13\spring-core-6.0.13.jar;C:\Users\fjtai\.m2\repository\org\springframework\spring-jcl\6.0.13\spring-jcl-6.0.13.jar
Launcher Type: SUN_STANDARD

[Global flags]
     intx CICompilerCount                          = 2                                         {product} {ergonomic}
     uint ConcGCThreads                            = 1                                         {product} {ergonomic}
     uint G1ConcRefinementThreads                  = 2                                         {product} {ergonomic}
   size_t G1HeapRegionSize                         = 1048576                                   {product} {ergonomic}
    uintx GCDrainStackTargetSize                   = 64                                        {product} {ergonomic}
   size_t InitialHeapSize                          = 65011712                                  {product} {ergonomic}
   size_t MarkStackSize                            = 4194304                                   {product} {ergonomic}
   size_t MaxHeapSize                              = 1027604480                                {product} {ergonomic}
   size_t MaxNewSize                               = 616562688                                 {product} {ergonomic}
   size_t MinHeapDeltaBytes                        = 1048576                                   {product} {ergonomic}
   size_t MinHeapSize                              = 8388608                                   {product} {ergonomic}
    uintx NonNMethodCodeHeapSize                   = 5826188                                {pd product} {ergonomic}
    uintx NonProfiledCodeHeapSize                  = 122916026                              {pd product} {ergonomic}
    uintx ProfiledCodeHeapSize                     = 122916026                              {pd product} {ergonomic}
    uintx ReservedCodeCacheSize                    = 251658240                              {pd product} {ergonomic}
     bool SegmentedCodeCache                       = true                                      {product} {ergonomic}
     bool ShowCodeDetailsInExceptionMessages       = true                                   {manageable} {command line}
   size_t SoftMaxHeapSize                          = 1027604480                             {manageable} {ergonomic}
     bool UseCompressedOops                        = true                           {product lp64_product} {ergonomic}
     bool UseG1GC                                  = true                                      {product} {ergonomic}
     bool UseLargePagesIndividualAllocation        = false                                  {pd product} {ergonomic}

Logging:
Log output configuration:
 #0: stdout all=warning uptime,level,tags foldmultilines=false
 #1: stderr all=off uptime,level,tags foldmultilines=false

Environment Variables:
JAVA_HOME=C:\Program Files\Java\jdk-21
PATH=C:\Python312\Scripts\;C:\Python312\;C:\Program Files\Common Files\Oracle\Java\javapath;C:\WINDOWS\system32;C:\WINDOWS;C:\WINDOWS\System32\Wbem;C:\WINDOWS\System32\WindowsPowerShell\v1.0\;C:\WINDOWS\System32\OpenSSH\;C:\Program Files\Java\jdk-21\bin;C:\Program Files\apache-maven-3.9.5\bin;C:\Program Files\Microsoft VS Code\bin;C:\Program Files\Git\cmd;C:\Program Files\nodejs\;C:\ProgramData\chocolatey\bin;C:\Users\fjtai\AppData\Local\Microsoft\WindowsApps;C:\Program Files\apache-maven-3.9.5\bin;C:\Users\fjtai\AppData\Roaming\npm
USERNAME=fjtai
LANG=en_US.UTF-8
OS=Windows_NT
PROCESSOR_IDENTIFIER=Intel64 Family 6 Model 122 Stepping 1, GenuineIntel
TMP=C:\Users\fjtai\AppData\Local\Temp
TEMP=C:\Users\fjtai\AppData\Local\Temp




Periodic native trim disabled

---------------  S Y S T E M  ---------------

OS:
 Windows 10 , 64 bit Build 19041 (10.0.19041.3570)
OS uptime: 5 days 4:09 hours

CPU: total 2 (initial active 2) (2 cores per cpu, 1 threads per core) family 6 model 122 stepping 1 microcode 0x2e, cx8, cmov, fxsr, mmx, 3dnowpref, sse, sse2, sse3, ssse3, sse4.1, sse4.2, popcnt, tsc, tscinvbit, aes, erms, clmul, sha, clflush, clflushopt, rdtscp, rdpid
Processor Information for all 2 processors :
  Max Mhz: 1101, Current Mhz: 1101, Mhz Limit: 1101

Memory: 4k page, system-wide physical 3917M (888M free)
TotalPageFile size 11213M (AvailPageFile size 2829M)
current process WorkingSet (physical memory assigned to process): 171M, peak: 220M
current process commit charge ("private bytes"): 280M, peak: 282M

vm_info: Java HotSpot(TM) 64-Bit Server VM (21.0.1+12-LTS-29) for windows-amd64 JRE (21.0.1+12-LTS-29), built on 2023-10-05T13:27:09Z by "mach5one" with MS VC++ 17.1 (VS2022)

END.
