#
# There is insufficient memory for the Java Runtime Environment to continue.
# Native memory allocation (mmap) failed to map 65536 bytes for Failed to commit metaspace.
# Possible reasons:
#   The system is out of physical RAM or swap space
#   The process is running with CompressedOops enabled, and the Java Heap may be blocking the growth of the native heap
# Possible solutions:
#   Reduce memory load on the system
#   Increase physical memory or swap space
#   Check if swap backing store is full
#   Decrease Java heap size (-Xmx/-Xms)
#   Decrease number of Java threads
#   Decrease Java thread stack sizes (-Xss)
#   Set larger code cache with -XX:ReservedCodeCacheSize=
#   JVM is running with Unscaled Compressed Oops mode in which the Java heap is
#     placed in the first 4GB address space. The Java Heap base address is the
#     maximum limit for the native heap growth. Please use -XX:HeapBaseMinAddress
#     to set the Java Heap base and to place the Java Heap above 4GB virtual address.
# This output file may be truncated or incomplete.
#
#  Out of Memory Error (virtualSpaceNode.cpp:110), pid=12736, tid=11804
#
# JRE version: OpenJDK Runtime Environment Temurin-17.0.8.1+1 (17.0.8.1+1) (build 17.0.8.1+1)
# Java VM: OpenJDK 64-Bit Server VM Temurin-17.0.8.1+1 (17.0.8.1+1, mixed mode, emulated-client, tiered, compressed oops, compressed class ptrs, g1 gc, windows-amd64)
# No core dump will be written. Minidumps are not enabled by default on client versions of Windows
#

---------------  S U M M A R Y ------------

Command Line: -XX:+HeapDumpOnOutOfMemoryError -Xmx1024m -Dsts.lsp.client=vscode -Dsts.log.file=/dev/null -XX:TieredStopAtLevel=1 -Xlog:jni+resolve=off -Dspring.config.location=file:c:\Users\fjtai\.vscode\extensions\vmware.vscode-spring-boot-1.50.0\language-server\BOOT-INF\classes\application.properties org.springframework.ide.vscode.boot.app.BootLanguageServerBootApp

Host: Intel(R) Celeron(R) N4000 CPU @ 1.10GHz, 2 cores, 3G,  Windows 10 , 64 bit Build 19041 (10.0.19041.3570)
Time: Sun Nov 12 20:15:23 2023 Paris, Madrid elapsed time: 10.788901 seconds (0d 0h 0m 10s)

---------------  T H R E A D  ---------------

Current thread (0x000002d105054a30):  JavaThread "main" [_thread_in_vm, id=11804, stack(0x000000d9b0e00000,0x000000d9b0f00000)]

Stack: [0x000000d9b0e00000,0x000000d9b0f00000]
Native frames: (J=compiled Java code, j=interpreted, Vv=VM code, C=native code)
V  [jvm.dll+0x678b0a]
V  [jvm.dll+0x835e84]
V  [jvm.dll+0x83762e]
V  [jvm.dll+0x837c93]
V  [jvm.dll+0x24746f]
V  [jvm.dll+0x831f1b]
V  [jvm.dll+0x61d3c6]
V  [jvm.dll+0x1c1aae]
V  [jvm.dll+0x61fd21]
V  [jvm.dll+0x61dd66]
V  [jvm.dll+0x36dea2]
V  [jvm.dll+0x1e35ab]
V  [jvm.dll+0x53fbc9]
V  [jvm.dll+0x7b13fd]
V  [jvm.dll+0x7b135a]
V  [jvm.dll+0x40f364]
V  [jvm.dll+0x422b3b]
C  [java.dll+0x1657]

Java frames: (J=compiled Java code, j=interpreted, Vv=VM code)
j  java.lang.ClassLoader.defineClass0(Ljava/lang/ClassLoader;Ljava/lang/Class;Ljava/lang/String;[BIILjava/security/ProtectionDomain;ZILjava/lang/Object;)Ljava/lang/Class;+0 java.base@17.0.8.1
j  java.lang.System$2.defineClass(Ljava/lang/ClassLoader;Ljava/lang/Class;Ljava/lang/String;[BLjava/security/ProtectionDomain;ZILjava/lang/Object;)Ljava/lang/Class;+17 java.base@17.0.8.1
j  java.lang.invoke.MethodHandles$Lookup$ClassDefiner.defineClass(ZLjava/lang/Object;)Ljava/lang/Class;+54 java.base@17.0.8.1
j  java.lang.invoke.MethodHandles$Lookup$ClassDefiner.defineClassAsLookup(Z)Ljava/lang/invoke/MethodHandles$Lookup;+3 java.base@17.0.8.1
j  java.lang.invoke.MethodHandles$Lookup.defineHiddenClass([BZ[Ljava/lang/invoke/MethodHandles$Lookup$ClassOption;)Ljava/lang/invoke/MethodHandles$Lookup;+65 java.base@17.0.8.1
j  java.lang.invoke.InnerClassLambdaMetafactory.generateInnerClass()Ljava/lang/Class;+579 java.base@17.0.8.1
j  java.lang.invoke.InnerClassLambdaMetafactory.spinInnerClass()Ljava/lang/Class;+114 java.base@17.0.8.1
j  java.lang.invoke.InnerClassLambdaMetafactory.buildCallSite()Ljava/lang/invoke/CallSite;+1 java.base@17.0.8.1
j  java.lang.invoke.LambdaMetafactory.metafactory(Ljava/lang/invoke/MethodHandles$Lookup;Ljava/lang/String;Ljava/lang/invoke/MethodType;Ljava/lang/invoke/MethodType;Ljava/lang/invoke/MethodHandle;Ljava/lang/invoke/MethodType;)Ljava/lang/invoke/CallSite;+67 java.base@17.0.8.1
j  java.lang.invoke.DirectMethodHandle$Holder.invokeStatic(Ljava/lang/Object;Ljava/lang/Object;Ljava/lang/Object;Ljava/lang/Object;Ljava/lang/Object;Ljava/lang/Object;Ljava/lang/Object;)Ljava/lang/Object;+20 java.base@17.0.8.1
j  java.lang.invoke.Invokers$Holder.invokeExact_MT(Ljava/lang/Object;Ljava/lang/Object;Ljava/lang/Object;Ljava/lang/Object;Ljava/lang/Object;Ljava/lang/Object;Ljava/lang/Object;Ljava/lang/Object;)Ljava/lang/Object;+28 java.base@17.0.8.1
j  java.lang.invoke.BootstrapMethodInvoker.invoke(Ljava/lang/Class;Ljava/lang/invoke/MethodHandle;Ljava/lang/String;Ljava/lang/Object;Ljava/lang/Object;Ljava/lang/Class;)Ljava/lang/Object;+319 java.base@17.0.8.1
j  java.lang.invoke.CallSite.makeSite(Ljava/lang/invoke/MethodHandle;Ljava/lang/String;Ljava/lang/invoke/MethodType;Ljava/lang/Object;Ljava/lang/Class;)Ljava/lang/invoke/CallSite;+8 java.base@17.0.8.1
j  java.lang.invoke.MethodHandleNatives.linkCallSiteImpl(Ljava/lang/Class;Ljava/lang/invoke/MethodHandle;Ljava/lang/String;Ljava/lang/invoke/MethodType;Ljava/lang/Object;[Ljava/lang/Object;)Ljava/lang/invoke/MemberName;+6 java.base@17.0.8.1
j  java.lang.invoke.MethodHandleNatives.linkCallSite(Ljava/lang/Object;ILjava/lang/Object;Ljava/lang/Object;Ljava/lang/Object;Ljava/lang/Object;[Ljava/lang/Object;)Ljava/lang/invoke/MemberName;+46 java.base@17.0.8.1
v  ~StubRoutines::call_stub
j  java.util.stream.Collectors.joining(Ljava/lang/CharSequence;Ljava/lang/CharSequence;Ljava/lang/CharSequence;)Ljava/util/stream/Collector;+22 java.base@17.0.8.1
j  java.lang.Class.methodToString(Ljava/lang/String;[Ljava/lang/Class;)Ljava/lang/String;+60 java.base@17.0.8.1
j  java.lang.Class.getMethod(Ljava/lang/String;[Ljava/lang/Class;)Ljava/lang/reflect/Method;+43 java.base@17.0.8.1
j  ch.qos.logback.core.joran.util.StringToObjectConverter.getValueOfMethod(Ljava/lang/Class;)Ljava/lang/reflect/Method;+6
j  ch.qos.logback.core.joran.util.StringToObjectConverter.followsTheValueOfConvention(Ljava/lang/Class;)Z+1
j  ch.qos.logback.core.joran.util.StringToObjectConverter.canBeBuiltFromSimpleString(Ljava/lang/Class;)Z+33
j  ch.qos.logback.core.joran.util.PropertySetter.computeRawAggregationType(Ljava/lang/reflect/Method;)Lch/qos/logback/core/util/AggregationType;+15
j  ch.qos.logback.core.joran.util.PropertySetter.computeAggregationType(Ljava/lang/String;)Lch/qos/logback/core/util/AggregationType;+109
j  ch.qos.logback.core.model.processor.ImplicitModelHandler.handle(Lch/qos/logback/core/model/processor/ModelInterpretationContext;Lch/qos/logback/core/model/Model;)V+58
j  ch.qos.logback.core.model.processor.DefaultProcessor.secondPhaseTraverse(Lch/qos/logback/core/model/Model;Lch/qos/logback/core/model/processor/ModelFilter;)I+61
j  ch.qos.logback.core.model.processor.DefaultProcessor.secondPhaseTraverse(Lch/qos/logback/core/model/Model;Lch/qos/logback/core/model/processor/ModelFilter;)I+133
j  ch.qos.logback.core.model.processor.DefaultProcessor.secondPhaseTraverse(Lch/qos/logback/core/model/Model;Lch/qos/logback/core/model/processor/ModelFilter;)I+133
j  ch.qos.logback.core.model.processor.DefaultProcessor$$Lambda$91+0x0000000100116000.traverse(Lch/qos/logback/core/model/Model;Lch/qos/logback/core/model/processor/ModelFilter;)I+6
j  ch.qos.logback.core.model.processor.DefaultProcessor.traversalLoop(Lch/qos/logback/core/model/processor/DefaultProcessor$TraverseMethod;Lch/qos/logback/core/model/Model;Lch/qos/logback/core/model/processor/ModelFilter;Ljava/lang/String;)V+16
j  ch.qos.logback.core.model.processor.DefaultProcessor.process(Lch/qos/logback/core/model/Model;)V+44
j  ch.qos.logback.core.joran.GenericXMLConfigurator.processModel(Lch/qos/logback/core/model/Model;)V+55
j  ch.qos.logback.core.joran.GenericXMLConfigurator.doConfigure(Lorg/xml/sax/InputSource;)V+80
j  ch.qos.logback.core.joran.GenericXMLConfigurator.doConfigure(Ljava/io/InputStream;Ljava/lang/String;)V+16
j  ch.qos.logback.core.joran.GenericXMLConfigurator.doConfigure(Ljava/net/URL;)V+31
j  ch.qos.logback.classic.util.DefaultJoranConfigurator.configureByResource(Ljava/net/URL;)V+46
j  ch.qos.logback.classic.util.DefaultJoranConfigurator.configure(Lch/qos/logback/classic/LoggerContext;)Lch/qos/logback/classic/spi/Configurator$ExecutionStatus;+12
j  ch.qos.logback.classic.util.ContextInitializer.invokeConfigure(Lch/qos/logback/classic/spi/Configurator;)Lch/qos/logback/classic/spi/Configurator$ExecutionStatus;+42
j  ch.qos.logback.classic.util.ContextInitializer.autoConfig(Ljava/lang/ClassLoader;)V+202
j  ch.qos.logback.classic.util.ContextInitializer.autoConfig()V+6
j  ch.qos.logback.classic.spi.LogbackServiceProvider.initializeLoggerContext()V+11
j  ch.qos.logback.classic.spi.LogbackServiceProvider.initialize()V+21
j  org.slf4j.LoggerFactory.bind()V+37
j  org.slf4j.LoggerFactory.performInitialization()V+0
j  org.slf4j.LoggerFactory.getProvider()Lorg/slf4j/spi/SLF4JServiceProvider;+21
j  org.slf4j.LoggerFactory.getILoggerFactory()Lorg/slf4j/ILoggerFactory;+0
j  org.slf4j.LoggerFactory.getLogger(Ljava/lang/String;)Lorg/slf4j/Logger;+0
j  reactor.util.Loggers$Slf4JLoggerFactory.apply(Ljava/lang/String;)Lreactor/util/Logger;+5
j  reactor.util.Loggers$Slf4JLoggerFactory.apply(Ljava/lang/Object;)Ljava/lang/Object;+5
j  reactor.util.Loggers.useSl4jLoggers()V+21
j  reactor.util.Loggers.resetLoggerFactory()V+0
j  reactor.util.Loggers.<clinit>()V+0
v  ~StubRoutines::call_stub
j  reactor.core.publisher.Hooks.<clinit>()V+19
v  ~StubRoutines::call_stub
j  org.springframework.ide.vscode.boot.app.BootLanguageServerBootApp.main([Ljava/lang/String;)V+0
v  ~StubRoutines::call_stub

---------------  P R O C E S S  ---------------

Threads class SMR info:
_java_thread_list=0x000002d1110d8510, length=12, elements={
0x000002d105054a30, 0x000002d1110c7b40, 0x000002d1110c89c0, 0x000002d1110f6a40,
0x000002d1110f7600, 0x000002d11110b010, 0x000002d11110c8f0, 0x000002d11110d270,
0x000002d11110eb00, 0x000002d11143f8b0, 0x000002d11144ee90, 0x000002d105055800
}

Java Threads: ( => current thread )
=>0x000002d105054a30 JavaThread "main" [_thread_in_vm, id=11804, stack(0x000000d9b0e00000,0x000000d9b0f00000)]
  0x000002d1110c7b40 JavaThread "Reference Handler" daemon [_thread_blocked, id=8844, stack(0x000000d9b1500000,0x000000d9b1600000)]
  0x000002d1110c89c0 JavaThread "Finalizer" daemon [_thread_blocked, id=7840, stack(0x000000d9b1600000,0x000000d9b1700000)]
  0x000002d1110f6a40 JavaThread "Signal Dispatcher" daemon [_thread_blocked, id=11456, stack(0x000000d9b1700000,0x000000d9b1800000)]
  0x000002d1110f7600 JavaThread "Attach Listener" daemon [_thread_blocked, id=7664, stack(0x000000d9b1800000,0x000000d9b1900000)]
  0x000002d11110b010 JavaThread "Service Thread" daemon [_thread_blocked, id=6784, stack(0x000000d9b1900000,0x000000d9b1a00000)]
  0x000002d11110c8f0 JavaThread "Monitor Deflation Thread" daemon [_thread_blocked, id=9104, stack(0x000000d9b1a00000,0x000000d9b1b00000)]
  0x000002d11110d270 JavaThread "C1 CompilerThread0" daemon [_thread_blocked, id=11248, stack(0x000000d9b1b00000,0x000000d9b1c00000)]
  0x000002d11110eb00 JavaThread "Sweeper thread" daemon [_thread_blocked, id=12568, stack(0x000000d9b1c00000,0x000000d9b1d00000)]
  0x000002d11143f8b0 JavaThread "Notification Thread" daemon [_thread_blocked, id=1568, stack(0x000000d9b1d00000,0x000000d9b1e00000)]
  0x000002d11144ee90 JavaThread "Common-Cleaner" daemon [_thread_blocked, id=3260, stack(0x000000d9b1f00000,0x000000d9b2000000)]
  0x000002d105055800 JavaThread "C1 CompilerThread1" daemon [_thread_blocked, id=14476, stack(0x000000d9b2000000,0x000000d9b2100000)]

Other Threads:
  0x000002d1110b2300 VMThread "VM Thread" [stack: 0x000000d9b1400000,0x000000d9b1500000] [id=264] _threads_hazard_ptr=0x000002d1110d8510
  0x000002d1110d0f00 WatcherThread [stack: 0x000000d9b1e00000,0x000000d9b1f00000] [id=13304]
  0x000002d10508e820 GCTaskThread "GC Thread#0" [stack: 0x000000d9b0f00000,0x000000d9b1000000] [id=11968]
  0x000002d111572280 GCTaskThread "GC Thread#1" [stack: 0x000000d9b2100000,0x000000d9b2200000] [id=2796]
  0x000002d105097770 ConcurrentGCThread "G1 Main Marker" [stack: 0x000000d9b1000000,0x000000d9b1100000] [id=7616]
  0x000002d105098180 ConcurrentGCThread "G1 Conc#0" [stack: 0x000000d9b1100000,0x000000d9b1200000] [id=3596]
  0x000002d1050ce570 ConcurrentGCThread "G1 Refine#0" [stack: 0x000000d9b1200000,0x000000d9b1300000] [id=360]
  0x000002d1050cefa0 ConcurrentGCThread "G1 Service" [stack: 0x000000d9b1300000,0x000000d9b1400000] [id=6096]

Threads with active compile tasks:

VM state: synchronizing (normal execution)

VM Mutex/Monitor currently owned by a thread:  ([mutex/lock_event])
[0x000002d104f491f0] Metaspace_lock - owner thread: 0x000002d105054a30
[0x000002d104f49430] Threads_lock - owner thread: 0x000002d1110b2300

Heap address: 0x00000000c0000000, size: 1024 MB, Compressed Oops mode: 32-bit

CDS archive(s) not mapped
Compressed class space mapped at: 0x0000000100000000-0x0000000140000000, reserved size: 1073741824
Narrow klass base: 0x0000000000000000, Narrow klass shift: 3, Narrow klass range: 0x140000000

GC Precious Log:
 CPUs: 2 total, 2 available
 Memory: 3917M
 Large Page Support: Disabled
 NUMA Support: Disabled
 Compressed Oops: Enabled (32-bit)
 Heap Region Size: 1M
 Heap Min Capacity: 8M
 Heap Initial Capacity: 62M
 Heap Max Capacity: 1G
 Pre-touch: Disabled
 Parallel Workers: 2
 Concurrent Workers: 1
 Concurrent Refinement Workers: 2
 Periodic GC: Disabled

Heap:
 garbage-first heap   total 63488K, used 18118K [0x00000000c0000000, 0x0000000100000000)
  region size 1024K, 11 young (11264K), 1 survivors (1024K)
 Metaspace       used 9279K, committed 9472K, reserved 1114112K
  class space    used 1096K, committed 1152K, reserved 1048576K

Heap Regions: E=young(eden), S=young(survivor), O=old, HS=humongous(starts), HC=humongous(continues), CS=collection set, F=free, OA=open archive, CA=closed archive, TAMS=top-at-mark-start (previous, next)
|   0|0x00000000c0000000, 0x00000000c0100000, 0x00000000c0100000|100%| O|  |TAMS 0x00000000c0000000, 0x00000000c0000000| Untracked 
|   1|0x00000000c0100000, 0x00000000c0200000, 0x00000000c0200000|100%| O|  |TAMS 0x00000000c0100000, 0x00000000c0100000| Untracked 
|   2|0x00000000c0200000, 0x00000000c0300000, 0x00000000c0300000|100%| O|  |TAMS 0x00000000c0200000, 0x00000000c0200000| Untracked 
|   3|0x00000000c0300000, 0x00000000c0400000, 0x00000000c0400000|100%| O|  |TAMS 0x00000000c0300000, 0x00000000c0300000| Untracked 
|   4|0x00000000c0400000, 0x00000000c0500000, 0x00000000c0500000|100%| O|  |TAMS 0x00000000c0400000, 0x00000000c0400000| Untracked 
|   5|0x00000000c0500000, 0x00000000c0600000, 0x00000000c0600000|100%| O|  |TAMS 0x00000000c0500000, 0x00000000c0500000| Untracked 
|   6|0x00000000c0600000, 0x00000000c0700000, 0x00000000c0700000|100%| O|  |TAMS 0x00000000c0600000, 0x00000000c0600000| Untracked 
|   7|0x00000000c0700000, 0x00000000c07b1800, 0x00000000c0800000| 69%| O|  |TAMS 0x00000000c0700000, 0x00000000c0700000| Untracked 
|   8|0x00000000c0800000, 0x00000000c0800000, 0x00000000c0900000|  0%| F|  |TAMS 0x00000000c0800000, 0x00000000c0800000| Untracked 
|   9|0x00000000c0900000, 0x00000000c0900000, 0x00000000c0a00000|  0%| F|  |TAMS 0x00000000c0900000, 0x00000000c0900000| Untracked 
|  10|0x00000000c0a00000, 0x00000000c0a00000, 0x00000000c0b00000|  0%| F|  |TAMS 0x00000000c0a00000, 0x00000000c0a00000| Untracked 
|  11|0x00000000c0b00000, 0x00000000c0b00000, 0x00000000c0c00000|  0%| F|  |TAMS 0x00000000c0b00000, 0x00000000c0b00000| Untracked 
|  12|0x00000000c0c00000, 0x00000000c0c00000, 0x00000000c0d00000|  0%| F|  |TAMS 0x00000000c0c00000, 0x00000000c0c00000| Untracked 
|  13|0x00000000c0d00000, 0x00000000c0d00000, 0x00000000c0e00000|  0%| F|  |TAMS 0x00000000c0d00000, 0x00000000c0d00000| Untracked 
|  14|0x00000000c0e00000, 0x00000000c0e00000, 0x00000000c0f00000|  0%| F|  |TAMS 0x00000000c0e00000, 0x00000000c0e00000| Untracked 
|  15|0x00000000c0f00000, 0x00000000c0f00000, 0x00000000c1000000|  0%| F|  |TAMS 0x00000000c0f00000, 0x00000000c0f00000| Untracked 
|  16|0x00000000c1000000, 0x00000000c1000000, 0x00000000c1100000|  0%| F|  |TAMS 0x00000000c1000000, 0x00000000c1000000| Untracked 
|  17|0x00000000c1100000, 0x00000000c1100000, 0x00000000c1200000|  0%| F|  |TAMS 0x00000000c1100000, 0x00000000c1100000| Untracked 
|  18|0x00000000c1200000, 0x00000000c1200000, 0x00000000c1300000|  0%| F|  |TAMS 0x00000000c1200000, 0x00000000c1200000| Untracked 
|  19|0x00000000c1300000, 0x00000000c1300000, 0x00000000c1400000|  0%| F|  |TAMS 0x00000000c1300000, 0x00000000c1300000| Untracked 
|  20|0x00000000c1400000, 0x00000000c1400000, 0x00000000c1500000|  0%| F|  |TAMS 0x00000000c1400000, 0x00000000c1400000| Untracked 
|  21|0x00000000c1500000, 0x00000000c1500000, 0x00000000c1600000|  0%| F|  |TAMS 0x00000000c1500000, 0x00000000c1500000| Untracked 
|  22|0x00000000c1600000, 0x00000000c1600000, 0x00000000c1700000|  0%| F|  |TAMS 0x00000000c1600000, 0x00000000c1600000| Untracked 
|  23|0x00000000c1700000, 0x00000000c1700000, 0x00000000c1800000|  0%| F|  |TAMS 0x00000000c1700000, 0x00000000c1700000| Untracked 
|  24|0x00000000c1800000, 0x00000000c1800000, 0x00000000c1900000|  0%| F|  |TAMS 0x00000000c1800000, 0x00000000c1800000| Untracked 
|  25|0x00000000c1900000, 0x00000000c1900000, 0x00000000c1a00000|  0%| F|  |TAMS 0x00000000c1900000, 0x00000000c1900000| Untracked 
|  26|0x00000000c1a00000, 0x00000000c1a00000, 0x00000000c1b00000|  0%| F|  |TAMS 0x00000000c1a00000, 0x00000000c1a00000| Untracked 
|  27|0x00000000c1b00000, 0x00000000c1b00000, 0x00000000c1c00000|  0%| F|  |TAMS 0x00000000c1b00000, 0x00000000c1b00000| Untracked 
|  28|0x00000000c1c00000, 0x00000000c1c00000, 0x00000000c1d00000|  0%| F|  |TAMS 0x00000000c1c00000, 0x00000000c1c00000| Untracked 
|  29|0x00000000c1d00000, 0x00000000c1d00000, 0x00000000c1e00000|  0%| F|  |TAMS 0x00000000c1d00000, 0x00000000c1d00000| Untracked 
|  30|0x00000000c1e00000, 0x00000000c1e00000, 0x00000000c1f00000|  0%| F|  |TAMS 0x00000000c1e00000, 0x00000000c1e00000| Untracked 
|  31|0x00000000c1f00000, 0x00000000c1f00000, 0x00000000c2000000|  0%| F|  |TAMS 0x00000000c1f00000, 0x00000000c1f00000| Untracked 
|  32|0x00000000c2000000, 0x00000000c2000000, 0x00000000c2100000|  0%| F|  |TAMS 0x00000000c2000000, 0x00000000c2000000| Untracked 
|  33|0x00000000c2100000, 0x00000000c2100000, 0x00000000c2200000|  0%| F|  |TAMS 0x00000000c2100000, 0x00000000c2100000| Untracked 
|  34|0x00000000c2200000, 0x00000000c2200000, 0x00000000c2300000|  0%| F|  |TAMS 0x00000000c2200000, 0x00000000c2200000| Untracked 
|  35|0x00000000c2300000, 0x00000000c2300000, 0x00000000c2400000|  0%| F|  |TAMS 0x00000000c2300000, 0x00000000c2300000| Untracked 
|  36|0x00000000c2400000, 0x00000000c2400000, 0x00000000c2500000|  0%| F|  |TAMS 0x00000000c2400000, 0x00000000c2400000| Untracked 
|  37|0x00000000c2500000, 0x00000000c2500000, 0x00000000c2600000|  0%| F|  |TAMS 0x00000000c2500000, 0x00000000c2500000| Untracked 
|  38|0x00000000c2600000, 0x00000000c2600000, 0x00000000c2700000|  0%| F|  |TAMS 0x00000000c2600000, 0x00000000c2600000| Untracked 
|  39|0x00000000c2700000, 0x00000000c2700000, 0x00000000c2800000|  0%| F|  |TAMS 0x00000000c2700000, 0x00000000c2700000| Untracked 
|  40|0x00000000c2800000, 0x00000000c2800000, 0x00000000c2900000|  0%| F|  |TAMS 0x00000000c2800000, 0x00000000c2800000| Untracked 
|  41|0x00000000c2900000, 0x00000000c2900000, 0x00000000c2a00000|  0%| F|  |TAMS 0x00000000c2900000, 0x00000000c2900000| Untracked 
|  42|0x00000000c2a00000, 0x00000000c2a00000, 0x00000000c2b00000|  0%| F|  |TAMS 0x00000000c2a00000, 0x00000000c2a00000| Untracked 
|  43|0x00000000c2b00000, 0x00000000c2b00000, 0x00000000c2c00000|  0%| F|  |TAMS 0x00000000c2b00000, 0x00000000c2b00000| Untracked 
|  44|0x00000000c2c00000, 0x00000000c2c00000, 0x00000000c2d00000|  0%| F|  |TAMS 0x00000000c2c00000, 0x00000000c2c00000| Untracked 
|  45|0x00000000c2d00000, 0x00000000c2d00000, 0x00000000c2e00000|  0%| F|  |TAMS 0x00000000c2d00000, 0x00000000c2d00000| Untracked 
|  46|0x00000000c2e00000, 0x00000000c2e00000, 0x00000000c2f00000|  0%| F|  |TAMS 0x00000000c2e00000, 0x00000000c2e00000| Untracked 
|  47|0x00000000c2f00000, 0x00000000c2f00000, 0x00000000c3000000|  0%| F|  |TAMS 0x00000000c2f00000, 0x00000000c2f00000| Untracked 
|  48|0x00000000c3000000, 0x00000000c3000000, 0x00000000c3100000|  0%| F|  |TAMS 0x00000000c3000000, 0x00000000c3000000| Untracked 
|  49|0x00000000c3100000, 0x00000000c3100000, 0x00000000c3200000|  0%| F|  |TAMS 0x00000000c3100000, 0x00000000c3100000| Untracked 
|  50|0x00000000c3200000, 0x00000000c3200000, 0x00000000c3300000|  0%| F|  |TAMS 0x00000000c3200000, 0x00000000c3200000| Untracked 
|  51|0x00000000c3300000, 0x00000000c33dbc68, 0x00000000c3400000| 85%| E|  |TAMS 0x00000000c3300000, 0x00000000c3300000| Complete 
|  52|0x00000000c3400000, 0x00000000c3500000, 0x00000000c3500000|100%| E|CS|TAMS 0x00000000c3400000, 0x00000000c3400000| Complete 
|  53|0x00000000c3500000, 0x00000000c3600000, 0x00000000c3600000|100%| E|CS|TAMS 0x00000000c3500000, 0x00000000c3500000| Complete 
|  54|0x00000000c3600000, 0x00000000c3700000, 0x00000000c3700000|100%| S|CS|TAMS 0x00000000c3600000, 0x00000000c3600000| Complete 
|  55|0x00000000c3700000, 0x00000000c3800000, 0x00000000c3800000|100%| E|CS|TAMS 0x00000000c3700000, 0x00000000c3700000| Complete 
|  56|0x00000000c3800000, 0x00000000c3900000, 0x00000000c3900000|100%| E|CS|TAMS 0x00000000c3800000, 0x00000000c3800000| Complete 
|  57|0x00000000c3900000, 0x00000000c3a00000, 0x00000000c3a00000|100%| E|CS|TAMS 0x00000000c3900000, 0x00000000c3900000| Complete 
|  58|0x00000000c3a00000, 0x00000000c3b00000, 0x00000000c3b00000|100%| E|CS|TAMS 0x00000000c3a00000, 0x00000000c3a00000| Complete 
|  59|0x00000000c3b00000, 0x00000000c3c00000, 0x00000000c3c00000|100%| E|CS|TAMS 0x00000000c3b00000, 0x00000000c3b00000| Complete 
|  60|0x00000000c3c00000, 0x00000000c3d00000, 0x00000000c3d00000|100%| E|CS|TAMS 0x00000000c3c00000, 0x00000000c3c00000| Complete 
|  61|0x00000000c3d00000, 0x00000000c3e00000, 0x00000000c3e00000|100%| E|CS|TAMS 0x00000000c3d00000, 0x00000000c3d00000| Complete 

Card table byte_map: [0x000002d10c930000,0x000002d10cb30000] _byte_map_base: 0x000002d10c330000

Marking Bits (Prev, Next): (CMBitMap*) 0x000002d10508ee40, (CMBitMap*) 0x000002d10508ee80
 Prev Bits: [0x000002d10cd30000, 0x000002d10dd30000)
 Next Bits: [0x000002d10dd30000, 0x000002d10ed30000)

Polling page: 0x000002d104eb0000

Metaspace:

Usage:
  Non-class:      7.99 MB used.
      Class:      1.07 MB used.
       Both:      9.06 MB used.

Virtual space:
  Non-class space:       64.00 MB reserved,       8.12 MB ( 13%) committed,  1 nodes.
      Class space:        1.00 GB reserved,       1.12 MB ( <1%) committed,  1 nodes.
             Both:        1.06 GB reserved,       9.25 MB ( <1%) committed. 

Chunk freelists:
   Non-Class:  7.67 MB
       Class:  14.66 MB
        Both:  22.33 MB

MaxMetaspaceSize: unlimited
CompressedClassSpaceSize: 1.00 GB
Initial GC threshold: 21.00 MB
Current GC threshold: 21.00 MB
CDS: off
MetaspaceReclaimPolicy: balanced
 - commit_granule_bytes: 65536.
 - commit_granule_words: 8192.
 - virtual_space_node_default_size: 8388608.
 - enlarge_chunks_in_place: 1.
 - new_chunks_are_fully_committed: 0.
 - uncommit_free_chunks: 1.
 - use_allocation_guard: 0.
 - handle_deallocations: 1.


Internal statistics:

num_allocs_failed_limit: 0.
num_arena_births: 92.
num_arena_deaths: 0.
num_vsnodes_births: 2.
num_vsnodes_deaths: 0.
num_space_committed: 148.
num_space_uncommitted: 0.
num_chunks_returned_to_freelist: 0.
num_chunks_taken_from_freelist: 206.
num_chunk_merges: 0.
num_chunk_splits: 136.
num_chunks_enlarged: 103.
num_inconsistent_stats: 0.

CodeCache: size=49152Kb used=3062Kb max_used=3062Kb free=46089Kb
 bounds [0x000002d1094b0000, 0x000002d1097b0000, 0x000002d10c4b0000]
 total_blobs=1327 nmethods=932 adapters=323
 compilation: enabled
              stopped_count=0, restarted_count=0
 full_count=0

Compilation events (20 events):
Event: 10.590 Thread 0x000002d105055800  925       1       java.lang.reflect.Method::getDeclaringClass (5 bytes)
Event: 10.590 Thread 0x000002d105055800 nmethod 925 0x000002d1097a9d90 code [0x000002d1097a9f20, 0x000002d1097a9ff8]
Event: 10.590 Thread 0x000002d11110d270  926       1       java.lang.ref.Reference::<init> (7 bytes)
Event: 10.590 Thread 0x000002d11110d270 nmethod 926 0x000002d1097aa090 code [0x000002d1097aa220, 0x000002d1097aa398]
Event: 10.590 Thread 0x000002d105055800  927       1       java.lang.PublicMethods$Key::hashCode (19 bytes)
Event: 10.591 Thread 0x000002d105055800 nmethod 927 0x000002d1097aa410 code [0x000002d1097aa5c0, 0x000002d1097aa6d8]
Event: 10.592 Thread 0x000002d11110d270  928       1       java.lang.reflect.Method::getModifiers (5 bytes)
Event: 10.592 Thread 0x000002d11110d270 nmethod 928 0x000002d1097aa790 code [0x000002d1097aa920, 0x000002d1097aa9f8]
Event: 10.629 Thread 0x000002d105055800  929       1       java.util.Optional::<init> (10 bytes)
Event: 10.629 Thread 0x000002d105055800 nmethod 929 0x000002d1097aaa90 code [0x000002d1097aac20, 0x000002d1097aad38]
Event: 10.632 Thread 0x000002d105055800  930       1       java.lang.invoke.AbstractValidatingLambdaMetafactory::isAdaptableTo (126 bytes)
Event: 10.633 Thread 0x000002d105055800 nmethod 930 0x000002d1097aad90 code [0x000002d1097aafc0, 0x000002d1097ab428]
Event: 10.638 Thread 0x000002d11110d270  932       1       java.lang.Class::descriptorString (170 bytes)
Event: 10.640 Thread 0x000002d11110d270 nmethod 932 0x000002d1097abc10 code [0x000002d1097abf60, 0x000002d1097acab8]
Event: 10.640 Thread 0x000002d105055800  933       1       jdk.internal.access.SharedSecrets::getJavaLangAccess (4 bytes)
Event: 10.640 Thread 0x000002d105055800 nmethod 933 0x000002d1097ad110 code [0x000002d1097ad2a0, 0x000002d1097ad358]
Event: 10.641 Thread 0x000002d105055800  934       1       java.lang.invoke.BoundMethodHandle::<init> (32 bytes)
Event: 10.641 Thread 0x000002d105055800 nmethod 934 0x000002d1097ad410 code [0x000002d1097ad5a0, 0x000002d1097ad688]
Event: 10.642 Thread 0x000002d105055800  935       1       jdk.internal.org.objectweb.asm.MethodWriter::visitCode (1 bytes)
Event: 10.642 Thread 0x000002d105055800 nmethod 935 0x000002d1097ad710 code [0x000002d1097ad8a0, 0x000002d1097ad958]

GC Heap History (6 events):
Event: 5.128 GC heap before
{Heap before GC invocations=0 (full 0):
 garbage-first heap   total 63488K, used 5120K [0x00000000c0000000, 0x0000000100000000)
  region size 1024K, 6 young (6144K), 0 survivors (0K)
 Metaspace       used 4267K, committed 4416K, reserved 1114112K
  class space    used 413K, committed 512K, reserved 1048576K
}
Event: 5.368 GC heap after
{Heap after GC invocations=1 (full 0):
 garbage-first heap   total 63488K, used 4410K [0x00000000c0000000, 0x0000000100000000)
  region size 1024K, 1 young (1024K), 1 survivors (1024K)
 Metaspace       used 4267K, committed 4416K, reserved 1114112K
  class space    used 413K, committed 512K, reserved 1048576K
}
Event: 5.829 GC heap before
{Heap before GC invocations=1 (full 0):
 garbage-first heap   total 63488K, used 6458K [0x00000000c0000000, 0x0000000100000000)
  region size 1024K, 4 young (4096K), 1 survivors (1024K)
 Metaspace       used 4302K, committed 4480K, reserved 1114112K
  class space    used 417K, committed 512K, reserved 1048576K
}
Event: 5.832 GC heap after
{Heap after GC invocations=2 (full 0):
 garbage-first heap   total 63488K, used 5868K [0x00000000c0000000, 0x0000000100000000)
  region size 1024K, 1 young (1024K), 1 survivors (1024K)
 Metaspace       used 4302K, committed 4480K, reserved 1114112K
  class space    used 417K, committed 512K, reserved 1048576K
}
Event: 8.159 GC heap before
{Heap before GC invocations=2 (full 0):
 garbage-first heap   total 63488K, used 10988K [0x00000000c0000000, 0x0000000100000000)
  region size 1024K, 7 young (7168K), 1 survivors (1024K)
 Metaspace       used 6263K, committed 6400K, reserved 1114112K
  class space    used 623K, committed 704K, reserved 1048576K
}
Event: 8.165 GC heap after
{Heap after GC invocations=3 (full 0):
 garbage-first heap   total 63488K, used 8902K [0x00000000c0000000, 0x0000000100000000)
  region size 1024K, 1 young (1024K), 1 survivors (1024K)
 Metaspace       used 6263K, committed 6400K, reserved 1114112K
  class space    used 623K, committed 704K, reserved 1048576K
}

Dll operation events (5 events):
Event: 0.031 Loaded shared library c:\Users\fjtai\.vscode\extensions\redhat.java-1.24.0-win32-x64\jre\17.0.8.1-win32-x86_64\bin\java.dll
Event: 3.193 Loaded shared library C:\Users\fjtai\.vscode\extensions\redhat.java-1.24.0-win32-x64\jre\17.0.8.1-win32-x86_64\bin\net.dll
Event: 3.211 Loaded shared library C:\Users\fjtai\.vscode\extensions\redhat.java-1.24.0-win32-x64\jre\17.0.8.1-win32-x86_64\bin\nio.dll
Event: 3.229 Loaded shared library C:\Users\fjtai\.vscode\extensions\redhat.java-1.24.0-win32-x64\jre\17.0.8.1-win32-x86_64\bin\zip.dll
Event: 6.447 Loaded shared library C:\Users\fjtai\.vscode\extensions\redhat.java-1.24.0-win32-x64\jre\17.0.8.1-win32-x86_64\bin\jimage.dll

Deoptimization events (0 events):
No events

Classes unloaded (0 events):
No events

Classes redefined (0 events):
No events

Internal exceptions (9 events):
Event: 7.943 Thread 0x000002d105054a30 Exception <a 'java/lang/NoSuchMethodError'{0x00000000c37de758}: 'java.lang.Object java.lang.invoke.DirectMethodHandle$Holder.invokeSpecial(java.lang.Object, java.lang.Object, java.lang.Object, long, java.lang.Object)'> (0x00000000c37de758) 
thrown [s\src\hotspot\share\interpreter\linkResolver.cpp, line 759]
Event: 7.944 Thread 0x000002d105054a30 Exception <a 'java/lang/NoSuchMethodError'{0x00000000c37e2438}: 'java.lang.Object java.lang.invoke.Invokers$Holder.linkToTargetMethod(java.lang.Object, long, java.lang.Object, java.lang.Object)'> (0x00000000c37e2438) 
thrown [s\src\hotspot\share\interpreter\linkResolver.cpp, line 759]
Event: 8.356 Thread 0x000002d105054a30 Exception <a 'java/lang/ClassNotFoundException'{0x00000000c3d180b8}: javax/smartcardio/CardPermission> (0x00000000c3d180b8) 
thrown [s\src\hotspot\share\classfile\systemDictionary.cpp, line 256]
Event: 8.364 Thread 0x000002d105054a30 Exception <a 'java/io/FileNotFoundException'{0x00000000c3d26600}> (0x00000000c3d26600) 
thrown [s\src\hotspot\share\prims\jni.cpp, line 516]
Event: 8.777 Thread 0x000002d105054a30 Exception <a 'java/lang/NoSuchMethodError'{0x00000000c3c0fcd0}: 'void java.lang.invoke.DirectMethodHandle$Holder.invokeStatic(java.lang.Object, java.lang.Object, java.lang.Object)'> (0x00000000c3c0fcd0) 
thrown [s\src\hotspot\share\interpreter\linkResolver.cpp, line 759]
Event: 10.155 Thread 0x000002d105054a30 Exception <a 'java/lang/NoSuchMethodError'{0x00000000c3754668}: 'void java.lang.invoke.DirectMethodHandle$Holder.invokeSpecialIFC(java.lang.Object, java.lang.Object, java.lang.Object, java.lang.Object, java.lang.Object)'> (0x00000000c3754668) 
thrown [s\src\hotspot\share\interpreter\linkResolver.cpp, line 759]
Event: 10.157 Thread 0x000002d105054a30 Exception <a 'java/lang/NoSuchMethodError'{0x00000000c375ca40}: 'void java.lang.invoke.DirectMethodHandle$Holder.invokeStatic(java.lang.Object, java.lang.Object, java.lang.Object, java.lang.Object)'> (0x00000000c375ca40) 
thrown [s\src\hotspot\share\interpreter\linkResolver.cpp, line 759]
Event: 10.160 Thread 0x000002d105054a30 Exception <a 'java/lang/NoSuchMethodError'{0x00000000c3767af8}: 'int java.lang.invoke.DirectMethodHandle$Holder.invokeSpecial(java.lang.Object, java.lang.Object, java.lang.Object)'> (0x00000000c3767af8) 
thrown [s\src\hotspot\share\interpreter\linkResolver.cpp, line 759]
Event: 10.292 Thread 0x000002d105054a30 Exception <a 'java/lang/NoSuchMethodError'{0x00000000c3580190}: 'java.lang.Object java.lang.invoke.DirectMethodHandle$Holder.invokeStaticInit(java.lang.Object, java.lang.Object, java.lang.Object)'> (0x00000000c3580190) 
thrown [s\src\hotspot\share\interpreter\linkResolver.cpp, line 759]

VM Operations (20 events):
Event: 3.233 Executing VM operation: Cleanup
Event: 3.233 Executing VM operation: Cleanup done
Event: 4.241 Executing VM operation: Cleanup
Event: 4.241 Executing VM operation: Cleanup done
Event: 5.125 Executing VM operation: G1CollectForAllocation
Event: 5.368 Executing VM operation: G1CollectForAllocation done
Event: 5.829 Executing VM operation: G1CollectForAllocation
Event: 5.832 Executing VM operation: G1CollectForAllocation done
Event: 6.427 Executing VM operation: HandshakeAllThreads
Event: 6.427 Executing VM operation: HandshakeAllThreads done
Event: 6.836 Executing VM operation: HandshakeAllThreads
Event: 6.836 Executing VM operation: HandshakeAllThreads done
Event: 6.836 Executing VM operation: Cleanup
Event: 6.836 Executing VM operation: Cleanup done
Event: 7.843 Executing VM operation: Cleanup
Event: 7.843 Executing VM operation: Cleanup done
Event: 8.159 Executing VM operation: G1CollectForAllocation
Event: 8.165 Executing VM operation: G1CollectForAllocation done
Event: 10.168 Executing VM operation: Cleanup
Event: 10.182 Executing VM operation: Cleanup done

Events (20 events):
Event: 10.570 loading class java/lang/invoke/VarHandles$1
Event: 10.570 loading class java/lang/invoke/VarHandles$1 done
Event: 10.570 loading class java/lang/invoke/VarHandleInts$FieldInstanceReadWrite
Event: 10.571 loading class java/lang/invoke/VarHandleInts$FieldInstanceReadOnly
Event: 10.571 loading class java/lang/invoke/VarHandleInts$FieldInstanceReadOnly done
Event: 10.571 loading class java/lang/invoke/VarHandleInts$FieldInstanceReadWrite done
Event: 10.571 loading class java/lang/invoke/VarHandle$1
Event: 10.571 loading class java/lang/invoke/VarHandle$1 done
Event: 10.571 loading class jdk/internal/util/Preconditions$1
Event: 10.571 loading class jdk/internal/util/Preconditions$1 done
Event: 10.571 loading class java/lang/invoke/VarHandleGuards
Event: 10.572 loading class java/lang/invoke/VarHandleGuards done
Event: 10.573 loading class java/lang/invoke/VarForm
Event: 10.573 loading class java/lang/invoke/VarForm done
Event: 10.596 loading class java/nio/charset/UnsupportedCharsetException
Event: 10.596 loading class java/nio/charset/UnsupportedCharsetException done
Event: 10.596 loading class jdk/internal/loader/BootLoader$PackageHelper
Event: 10.596 loading class jdk/internal/loader/BootLoader$PackageHelper done
Event: 10.636 loading class java/util/stream/ReferencePipeline$3
Event: 10.636 loading class java/util/stream/ReferencePipeline$3 done


Dynamic libraries:
0x00007ff7cc470000 - 0x00007ff7cc47e000 	c:\Users\fjtai\.vscode\extensions\redhat.java-1.24.0-win32-x64\jre\17.0.8.1-win32-x86_64\bin\java.exe
0x00007ff90be90000 - 0x00007ff90c087000 	C:\WINDOWS\SYSTEM32\ntdll.dll
0x00007ff90b080000 - 0x00007ff90b13d000 	C:\WINDOWS\System32\KERNEL32.DLL
0x00007ff909570000 - 0x00007ff909866000 	C:\WINDOWS\System32\KERNELBASE.dll
0x00007ff909870000 - 0x00007ff909970000 	C:\WINDOWS\System32\ucrtbase.dll
0x00007ff9035b0000 - 0x00007ff9035c7000 	c:\Users\fjtai\.vscode\extensions\redhat.java-1.24.0-win32-x64\jre\17.0.8.1-win32-x86_64\bin\jli.dll
0x00007ff90a800000 - 0x00007ff90a99e000 	C:\WINDOWS\System32\USER32.dll
0x00007ff909ca0000 - 0x00007ff909cc2000 	C:\WINDOWS\System32\win32u.dll
0x00007ff90ba90000 - 0x00007ff90babc000 	C:\WINDOWS\System32\GDI32.dll
0x00007ff909b80000 - 0x00007ff909c9a000 	C:\WINDOWS\System32\gdi32full.dll
0x00007ff909970000 - 0x00007ff909a0d000 	C:\WINDOWS\System32\msvcp_win.dll
0x00007ff901a80000 - 0x00007ff901a99000 	c:\Users\fjtai\.vscode\extensions\redhat.java-1.24.0-win32-x64\jre\17.0.8.1-win32-x86_64\bin\VCRUNTIME140.dll
0x00007ff8eee00000 - 0x00007ff8ef09a000 	C:\WINDOWS\WinSxS\amd64_microsoft.windows.common-controls_6595b64144ccf1df_6.0.19041.3570_none_60bb2a3971f3e41a\COMCTL32.dll
0x00007ff90b9f0000 - 0x00007ff90ba8e000 	C:\WINDOWS\System32\msvcrt.dll
0x00007ff90a770000 - 0x00007ff90a7a0000 	C:\WINDOWS\System32\IMM32.DLL
0x00007ff903580000 - 0x00007ff90358c000 	c:\Users\fjtai\.vscode\extensions\redhat.java-1.24.0-win32-x64\jre\17.0.8.1-win32-x86_64\bin\vcruntime140_1.dll
0x00007ff8de290000 - 0x00007ff8de321000 	c:\Users\fjtai\.vscode\extensions\redhat.java-1.24.0-win32-x64\jre\17.0.8.1-win32-x86_64\bin\msvcp140.dll
0x00007ff8bf160000 - 0x00007ff8bfdac000 	c:\Users\fjtai\.vscode\extensions\redhat.java-1.24.0-win32-x64\jre\17.0.8.1-win32-x86_64\bin\server\jvm.dll
0x00007ff90b140000 - 0x00007ff90b1ee000 	C:\WINDOWS\System32\ADVAPI32.dll
0x00007ff90b1f0000 - 0x00007ff90b28c000 	C:\WINDOWS\System32\sechost.dll
0x00007ff90a640000 - 0x00007ff90a766000 	C:\WINDOWS\System32\RPCRT4.dll
0x00007ff9093d0000 - 0x00007ff90941b000 	C:\WINDOWS\SYSTEM32\POWRPROF.dll
0x00007ff8f69e0000 - 0x00007ff8f69e9000 	C:\WINDOWS\SYSTEM32\WSOCK32.dll
0x00007ff90b010000 - 0x00007ff90b07b000 	C:\WINDOWS\System32\WS2_32.dll
0x00007ff8ec920000 - 0x00007ff8ec947000 	C:\WINDOWS\SYSTEM32\WINMM.dll
0x00007ff8f56b0000 - 0x00007ff8f56ba000 	C:\WINDOWS\SYSTEM32\VERSION.dll
0x00007ff9093b0000 - 0x00007ff9093c2000 	C:\WINDOWS\SYSTEM32\UMPDC.dll
0x00007ff907df0000 - 0x00007ff907e02000 	C:\WINDOWS\SYSTEM32\kernel.appcore.dll
0x00007ff903130000 - 0x00007ff90313a000 	c:\Users\fjtai\.vscode\extensions\redhat.java-1.24.0-win32-x64\jre\17.0.8.1-win32-x86_64\bin\jimage.dll
0x00007ff907ab0000 - 0x00007ff907c94000 	C:\WINDOWS\SYSTEM32\DBGHELP.DLL
0x00007ff900000000 - 0x00007ff900034000 	C:\WINDOWS\SYSTEM32\dbgcore.DLL
0x00007ff909a40000 - 0x00007ff909ac2000 	C:\WINDOWS\System32\bcryptPrimitives.dll
0x00007ff8ee760000 - 0x00007ff8ee785000 	c:\Users\fjtai\.vscode\extensions\redhat.java-1.24.0-win32-x64\jre\17.0.8.1-win32-x86_64\bin\java.dll
0x00007ff8f6910000 - 0x00007ff8f6928000 	c:\Users\fjtai\.vscode\extensions\redhat.java-1.24.0-win32-x64\jre\17.0.8.1-win32-x86_64\bin\zip.dll
0x00007ff909ef0000 - 0x00007ff90a634000 	C:\WINDOWS\System32\SHELL32.dll
0x00007ff907240000 - 0x00007ff9079db000 	C:\WINDOWS\SYSTEM32\windows.storage.dll
0x00007ff90b4a0000 - 0x00007ff90b7f4000 	C:\WINDOWS\System32\combase.dll
0x00007ff908ee0000 - 0x00007ff908f0d000 	C:\WINDOWS\SYSTEM32\Wldp.dll
0x00007ff90bda0000 - 0x00007ff90be4d000 	C:\WINDOWS\System32\SHCORE.dll
0x00007ff90b8b0000 - 0x00007ff90b905000 	C:\WINDOWS\System32\shlwapi.dll
0x00007ff9094a0000 - 0x00007ff9094c5000 	C:\WINDOWS\SYSTEM32\profapi.dll
0x00007ff8f4980000 - 0x00007ff8f4999000 	C:\Users\fjtai\.vscode\extensions\redhat.java-1.24.0-win32-x64\jre\17.0.8.1-win32-x86_64\bin\net.dll
0x00007ff8fb440000 - 0x00007ff8fb54a000 	C:\WINDOWS\SYSTEM32\WINHTTP.dll
0x00007ff908c40000 - 0x00007ff908caa000 	C:\WINDOWS\system32\mswsock.dll
0x00007ff8ef3f0000 - 0x00007ff8ef405000 	C:\Users\fjtai\.vscode\extensions\redhat.java-1.24.0-win32-x64\jre\17.0.8.1-win32-x86_64\bin\nio.dll

dbghelp: loaded successfully - version: 4.0.5 - missing functions: none
symbol engine: initialized successfully - sym options: 0x614 - pdb path: .;c:\Users\fjtai\.vscode\extensions\redhat.java-1.24.0-win32-x64\jre\17.0.8.1-win32-x86_64\bin;C:\WINDOWS\SYSTEM32;C:\WINDOWS\WinSxS\amd64_microsoft.windows.common-controls_6595b64144ccf1df_6.0.19041.3570_none_60bb2a3971f3e41a;c:\Users\fjtai\.vscode\extensions\redhat.java-1.24.0-win32-x64\jre\17.0.8.1-win32-x86_64\bin\server

VM Arguments:
jvm_args: -XX:+HeapDumpOnOutOfMemoryError -Xmx1024m -Dsts.lsp.client=vscode -Dsts.log.file=/dev/null -XX:TieredStopAtLevel=1 -Xlog:jni+resolve=off -Dspring.config.location=file:c:\Users\fjtai\.vscode\extensions\vmware.vscode-spring-boot-1.50.0\language-server\BOOT-INF\classes\application.properties 
java_command: org.springframework.ide.vscode.boot.app.BootLanguageServerBootApp
java_class_path (initial): c:\Users\fjtai\.vscode\extensions\vmware.vscode-spring-boot-1.50.0\language-server\BOOT-INF\classes;c:\Users\fjtai\.vscode\extensions\vmware.vscode-spring-boot-1.50.0\language-server\BOOT-INF\lib\annotations-24.0.1.jar;c:\Users\fjtai\.vscode\extensions\vmware.vscode-spring-boot-1.50.0\language-server\BOOT-INF\lib\antlr-runtime-3.5.3.jar;c:\Users\fjtai\.vscode\extensions\vmware.vscode-spring-boot-1.50.0\language-server\BOOT-INF\lib\antlr4-4.11.1.jar;c:\Users\fjtai\.vscode\extensions\vmware.vscode-spring-boot-1.50.0\language-server\BOOT-INF\lib\antlr4-runtime-4.11.1.jar;c:\Users\fjtai\.vscode\extensions\vmware.vscode-spring-boot-1.50.0\language-server\BOOT-INF\lib\archunit-1.1.0.jar;c:\Users\fjtai\.vscode\extensions\vmware.vscode-spring-boot-1.50.0\language-server\BOOT-INF\lib\asm-9.5.jar;c:\Users\fjtai\.vscode\extensions\vmware.vscode-spring-boot-1.50.0\language-server\BOOT-INF\lib\asm-analysis-9.5.jar;c:\Users\fjtai\.vscode\extensions\vmware.vscode-spring-boot-1.50.0\language-server\BOOT-INF\lib\asm-tree-9.5.jar;c:\Users\fjtai\.vscode\extensions\vmware.vscode-spring-boot-1.50.0\language-server\BOOT-INF\lib\asm-util-9.5.jar;c:\Users\fjtai\.vscode\extensions\vmware.vscode-spring-boot-1.50.0\language-server\BOOT-INF\lib\bosh-language-server-1.50.0-SNAPSHOT.jar;c:\Users\fjtai\.vscode\extensions\vmware.vscode-spring-boot-1.50.0\language-server\BOOT-INF\lib\caffeine-3.1.8.jar;c:\Users\fjtai\.vscode\extensions\vmware.vscode-spring-boot-1.50.0\language-server\BOOT-INF\lib\checker-qual-3.12.0.jar;c:\Users\fjtai\.vscode\extensions\vmware.vscode-spring-boot-1.50.0\language-server\BOOT-INF\lib\classgraph-4.8.149.jar;c:\Users\fjtai\.vscode\extensions\vmware.vscode-spring-boot-1.50.0\language-server\BOOT-INF\lib\commons-codec-1.15.jar;c:\Users\fjtai\.vscode\extensions\vmware.vscode-spring-boot-1.50.0\language-server\BOOT-INF\lib\commons-compress-1.24.0.jar;c:\Users\fjtai\.vscode\extensions\vmware.vscode-spring-boot-1.50.0\language-server\BOOT-INF\lib\
Launcher Type: SUN_STANDARD

[Global flags]
     intx CICompilerCount                          = 2                                         {product} {ergonomic}
     uint ConcGCThreads                            = 1                                         {product} {ergonomic}
     uint G1ConcRefinementThreads                  = 2                                         {product} {ergonomic}
   size_t G1HeapRegionSize                         = 1048576                                   {product} {ergonomic}
    uintx GCDrainStackTargetSize                   = 64                                        {product} {ergonomic}
     bool HeapDumpOnOutOfMemoryError               = true                                   {manageable} {command line}
   size_t InitialHeapSize                          = 65011712                                  {product} {ergonomic}
   size_t MarkStackSize                            = 4194304                                   {product} {ergonomic}
   size_t MaxHeapSize                              = 1073741824                                {product} {command line}
   size_t MaxNewSize                               = 643825664                                 {product} {ergonomic}
   size_t MinHeapDeltaBytes                        = 1048576                                   {product} {ergonomic}
   size_t MinHeapSize                              = 8388608                                   {product} {ergonomic}
    uintx NonProfiledCodeHeapSize                  = 0                                      {pd product} {ergonomic}
     bool ProfileInterpreter                       = false                                  {pd product} {command line}
    uintx ProfiledCodeHeapSize                     = 0                                      {pd product} {ergonomic}
   size_t SoftMaxHeapSize                          = 1073741824                             {manageable} {ergonomic}
     intx TieredStopAtLevel                        = 1                                         {product} {command line}
     bool UseCompressedClassPointers               = true                           {product lp64_product} {ergonomic}
     bool UseCompressedOops                        = true                           {product lp64_product} {ergonomic}
     bool UseG1GC                                  = true                                      {product} {ergonomic}
     bool UseLargePagesIndividualAllocation        = false                                  {pd product} {ergonomic}

Logging:
Log output configuration:
 #0: stdout all=warning,jni+resolve=off uptime,level,tags
 #1: stderr all=off uptime,level,tags

Environment Variables:
JAVA_HOME=C:\Program Files\Java\jdk-21
PATH=C:\Python312\Scripts\;C:\Python312\;C:\Program Files\Common Files\Oracle\Java\javapath;C:\WINDOWS\system32;C:\WINDOWS;C:\WINDOWS\System32\Wbem;C:\WINDOWS\System32\WindowsPowerShell\v1.0\;C:\WINDOWS\System32\OpenSSH\;C:\Program Files\Java\jdk-21\bin;C:\Program Files\apache-maven-3.9.5\bin;C:\Program Files\Microsoft VS Code\bin;C:\Program Files\Git\cmd;C:\Program Files\nodejs\;C:\ProgramData\chocolatey\bin;C:\Users\fjtai\AppData\Local\Microsoft\WindowsApps;C:\Program Files\apache-maven-3.9.5\bin;C:\Users\fjtai\AppData\Roaming\npm
USERNAME=fjtai
OS=Windows_NT
PROCESSOR_IDENTIFIER=Intel64 Family 6 Model 122 Stepping 1, GenuineIntel
TMP=C:\Users\fjtai\AppData\Local\Temp
TEMP=C:\Users\fjtai\AppData\Local\Temp



---------------  S Y S T E M  ---------------

OS:
 Windows 10 , 64 bit Build 19041 (10.0.19041.3570)
OS uptime: 5 days 4:09 hours

CPU: total 2 (initial active 2) (2 cores per cpu, 1 threads per core) family 6 model 122 stepping 1 microcode 0x2e, cx8, cmov, fxsr, mmx, 3dnowpref, sse, sse2, sse3, ssse3, sse4.1, sse4.2, popcnt, tsc, tscinvbit, aes, erms, clmul, sha, clflush, clflushopt
Processor Information for all 2 processors :
  Max Mhz: 1101, Current Mhz: 1101, Mhz Limit: 1101

Memory: 4k page, system-wide physical 3917M (456M free)
TotalPageFile size 11213M (AvailPageFile size 4M)
current process WorkingSet (physical memory assigned to process): 59M, peak: 59M
current process commit charge ("private bytes"): 133M, peak: 133M

vm_info: OpenJDK 64-Bit Server VM (17.0.8.1+1) for windows-amd64 JRE (17.0.8.1+1), built on Aug 23 2023 15:29:17 by "admin" with MS VC++ 16.7 (VS2019)

END.
